{"D:\\projects\\react-forms\\src\\App.tsx": {"path":"D:\\projects\\react-forms\\src\\App.tsx","all":true,"statementMap":{"0":{"start":{"line":1,"column":0},"end":{"line":1,"column":19}},"1":{"start":{"line":2,"column":0},"end":{"line":2,"column":39}},"2":{"start":{"line":3,"column":0},"end":{"line":3,"column":38}},"3":{"start":{"line":4,"column":0},"end":{"line":4,"column":40}},"5":{"start":{"line":6,"column":0},"end":{"line":6,"column":16}},"6":{"start":{"line":7,"column":0},"end":{"line":7,"column":10}},"7":{"start":{"line":8,"column":0},"end":{"line":8,"column":6}},"8":{"start":{"line":9,"column":0},"end":{"line":9,"column":30}},"9":{"start":{"line":10,"column":0},"end":{"line":10,"column":29}},"10":{"start":{"line":11,"column":0},"end":{"line":11,"column":17}},"11":{"start":{"line":12,"column":0},"end":{"line":12,"column":7}},"13":{"start":{"line":14,"column":0},"end":{"line":14,"column":1}},"15":{"start":{"line":16,"column":0},"end":{"line":16,"column":19}}},"s":{"0":0,"1":0,"2":0,"3":0,"5":0,"6":0,"7":0,"8":0,"9":0,"10":0,"11":0,"13":0,"15":0},"branchMap":{"0":{"type":"branch","line":1,"loc":{"start":{"line":1,"column":290},"end":{"line":16,"column":19}},"locations":[{"start":{"line":1,"column":290},"end":{"line":16,"column":19}}]}},"b":{"0":[0]},"fnMap":{"0":{"name":"(empty-report)","decl":{"start":{"line":1,"column":290},"end":{"line":16,"column":19}},"loc":{"start":{"line":1,"column":290},"end":{"line":16,"column":19}},"line":1}},"f":{"0":0}}
,"D:\\projects\\react-forms\\src\\main.tsx": {"path":"D:\\projects\\react-forms\\src\\main.tsx","all":true,"statementMap":{"0":{"start":{"line":1,"column":0},"end":{"line":1,"column":35}},"1":{"start":{"line":2,"column":0},"end":{"line":2,"column":46}},"2":{"start":{"line":3,"column":0},"end":{"line":3,"column":21}},"3":{"start":{"line":4,"column":0},"end":{"line":4,"column":28}},"5":{"start":{"line":6,"column":0},"end":{"line":6,"column":66}},"6":{"start":{"line":7,"column":0},"end":{"line":7,"column":14}},"7":{"start":{"line":8,"column":0},"end":{"line":8,"column":11}},"8":{"start":{"line":9,"column":0},"end":{"line":9,"column":15}},"9":{"start":{"line":10,"column":0},"end":{"line":10,"column":2}}},"s":{"0":0,"1":0,"2":0,"3":0,"5":0,"6":0,"7":0,"8":0,"9":0},"branchMap":{"0":{"type":"branch","line":1,"loc":{"start":{"line":1,"column":221},"end":{"line":10,"column":-163}},"locations":[{"start":{"line":1,"column":221},"end":{"line":10,"column":-163}}]}},"b":{"0":[0]},"fnMap":{"0":{"name":"(empty-report)","decl":{"start":{"line":1,"column":221},"end":{"line":10,"column":-163}},"loc":{"start":{"line":1,"column":221},"end":{"line":10,"column":-163}},"line":1}},"f":{"0":0}}
,"D:\\projects\\react-forms\\src\\components\\Tile.tsx": {"path":"D:\\projects\\react-forms\\src\\components\\Tile.tsx","all":false,"statementMap":{"0":{"start":{"line":1,"column":0},"end":{"line":1,"column":36}},"6":{"start":{"line":7,"column":0},"end":{"line":7,"column":39}},"7":{"start":{"line":8,"column":0},"end":{"line":8,"column":10}},"8":{"start":{"line":9,"column":0},"end":{"line":9,"column":34}},"9":{"start":{"line":10,"column":0},"end":{"line":10,"column":28}},"10":{"start":{"line":11,"column":0},"end":{"line":11,"column":39}},"11":{"start":{"line":12,"column":0},"end":{"line":12,"column":37}},"12":{"start":{"line":13,"column":0},"end":{"line":13,"column":41}},"13":{"start":{"line":14,"column":0},"end":{"line":14,"column":45}},"14":{"start":{"line":15,"column":0},"end":{"line":15,"column":40}},"15":{"start":{"line":16,"column":0},"end":{"line":16,"column":12}},"16":{"start":{"line":17,"column":0},"end":{"line":17,"column":49}},"17":{"start":{"line":18,"column":0},"end":{"line":18,"column":10}},"19":{"start":{"line":20,"column":0},"end":{"line":20,"column":1}},"21":{"start":{"line":22,"column":0},"end":{"line":22,"column":20}}},"s":{"0":1,"6":0,"7":0,"8":0,"9":0,"10":0,"11":0,"12":0,"13":0,"14":0,"15":0,"16":0,"17":0,"19":0,"21":1},"branchMap":{},"b":{},"fnMap":{"0":{"name":"Tile","decl":{"start":{"line":7,"column":0},"end":{"line":20,"column":1}},"loc":{"start":{"line":7,"column":0},"end":{"line":20,"column":1}},"line":7}},"f":{"0":0}}
,"D:\\projects\\react-forms\\src\\components\\HookForm\\AgeInput.tsx": {"path":"D:\\projects\\react-forms\\src\\components\\HookForm\\AgeInput.tsx","all":false,"statementMap":{"2":{"start":{"line":3,"column":0},"end":{"line":3,"column":77}},"3":{"start":{"line":4,"column":0},"end":{"line":4,"column":10}},"4":{"start":{"line":5,"column":0},"end":{"line":5,"column":31}},"5":{"start":{"line":6,"column":0},"end":{"line":6,"column":38}},"6":{"start":{"line":7,"column":0},"end":{"line":7,"column":12}},"7":{"start":{"line":8,"column":0},"end":{"line":8,"column":16}},"8":{"start":{"line":9,"column":0},"end":{"line":9,"column":21}},"9":{"start":{"line":10,"column":0},"end":{"line":10,"column":21}},"10":{"start":{"line":11,"column":0},"end":{"line":11,"column":30}},"11":{"start":{"line":12,"column":0},"end":{"line":12,"column":39}},"12":{"start":{"line":13,"column":0},"end":{"line":13,"column":10}},"13":{"start":{"line":14,"column":0},"end":{"line":14,"column":8}},"14":{"start":{"line":15,"column":0},"end":{"line":15,"column":16}},"15":{"start":{"line":16,"column":0},"end":{"line":16,"column":10}},"17":{"start":{"line":18,"column":0},"end":{"line":18,"column":1}}},"s":{"2":29,"3":29,"4":29,"5":29,"6":29,"7":29,"8":29,"9":29,"10":29,"11":2,"12":2,"13":29,"14":29,"15":29,"17":29},"branchMap":{"0":{"type":"branch","line":3,"loc":{"start":{"line":3,"column":0},"end":{"line":18,"column":1}},"locations":[{"start":{"line":3,"column":0},"end":{"line":18,"column":1}}]},"1":{"type":"branch","line":11,"loc":{"start":{"line":11,"column":18},"end":{"line":13,"column":10}},"locations":[{"start":{"line":11,"column":18},"end":{"line":13,"column":10}}]}},"b":{"0":[29],"1":[2]},"fnMap":{"0":{"name":"AgeInput","decl":{"start":{"line":3,"column":0},"end":{"line":18,"column":1}},"loc":{"start":{"line":3,"column":0},"end":{"line":18,"column":1}},"line":3},"1":{"name":"onChange","decl":{"start":{"line":11,"column":18},"end":{"line":13,"column":10}},"loc":{"start":{"line":11,"column":18},"end":{"line":13,"column":10}},"line":11}},"f":{"0":29,"1":2}}
,"D:\\projects\\react-forms\\src\\components\\HookForm\\ConfirmPasswordInput.tsx": {"path":"D:\\projects\\react-forms\\src\\components\\HookForm\\ConfirmPasswordInput.tsx","all":false,"statementMap":{"8":{"start":{"line":9,"column":0},"end":{"line":9,"column":46}},"9":{"start":{"line":10,"column":0},"end":{"line":10,"column":8}},"10":{"start":{"line":11,"column":0},"end":{"line":11,"column":11}},"11":{"start":{"line":12,"column":0},"end":{"line":12,"column":11}},"12":{"start":{"line":13,"column":0},"end":{"line":13,"column":19}},"13":{"start":{"line":14,"column":0},"end":{"line":14,"column":10}},"14":{"start":{"line":15,"column":0},"end":{"line":15,"column":44}},"15":{"start":{"line":16,"column":0},"end":{"line":16,"column":63}},"16":{"start":{"line":17,"column":0},"end":{"line":17,"column":12}},"17":{"start":{"line":18,"column":0},"end":{"line":18,"column":21}},"18":{"start":{"line":19,"column":0},"end":{"line":19,"column":28}},"19":{"start":{"line":20,"column":0},"end":{"line":20,"column":23}},"20":{"start":{"line":21,"column":0},"end":{"line":21,"column":30}},"21":{"start":{"line":22,"column":0},"end":{"line":22,"column":39}},"22":{"start":{"line":23,"column":0},"end":{"line":23,"column":10}},"23":{"start":{"line":24,"column":0},"end":{"line":24,"column":8}},"24":{"start":{"line":25,"column":0},"end":{"line":25,"column":16}},"25":{"start":{"line":26,"column":0},"end":{"line":26,"column":10}},"27":{"start":{"line":28,"column":0},"end":{"line":28,"column":1}}},"s":{"8":41,"9":41,"10":41,"11":41,"12":41,"13":41,"14":41,"15":41,"16":41,"17":41,"18":41,"19":41,"20":41,"21":14,"22":14,"23":41,"24":41,"25":41,"27":41},"branchMap":{"0":{"type":"branch","line":9,"loc":{"start":{"line":9,"column":0},"end":{"line":28,"column":1}},"locations":[{"start":{"line":9,"column":0},"end":{"line":28,"column":1}}]},"1":{"type":"branch","line":21,"loc":{"start":{"line":21,"column":18},"end":{"line":23,"column":10}},"locations":[{"start":{"line":21,"column":18},"end":{"line":23,"column":10}}]}},"b":{"0":[41],"1":[14]},"fnMap":{"0":{"name":"ConfirmPasswordInput","decl":{"start":{"line":9,"column":0},"end":{"line":28,"column":1}},"loc":{"start":{"line":9,"column":0},"end":{"line":28,"column":1}},"line":9},"1":{"name":"onChange","decl":{"start":{"line":21,"column":18},"end":{"line":23,"column":10}},"loc":{"start":{"line":21,"column":18},"end":{"line":23,"column":10}},"line":21}},"f":{"0":41,"1":14}}
,"D:\\projects\\react-forms\\src\\components\\HookForm\\CountryInput.tsx": {"path":"D:\\projects\\react-forms\\src\\components\\HookForm\\CountryInput.tsx","all":false,"statementMap":{"0":{"start":{"line":1,"column":0},"end":{"line":1,"column":42}},"3":{"start":{"line":4,"column":0},"end":{"line":4,"column":58}},"5":{"start":{"line":6,"column":0},"end":{"line":6,"column":38}},"6":{"start":{"line":7,"column":0},"end":{"line":7,"column":8}},"7":{"start":{"line":8,"column":0},"end":{"line":8,"column":11}},"8":{"start":{"line":9,"column":0},"end":{"line":9,"column":11}},"9":{"start":{"line":10,"column":0},"end":{"line":10,"column":16}},"10":{"start":{"line":11,"column":0},"end":{"line":11,"column":42}},"11":{"start":{"line":12,"column":0},"end":{"line":12,"column":41}},"12":{"start":{"line":13,"column":0},"end":{"line":13,"column":4}},"13":{"start":{"line":14,"column":0},"end":{"line":14,"column":57}},"14":{"start":{"line":15,"column":0},"end":{"line":15,"column":46}},"16":{"start":{"line":17,"column":0},"end":{"line":17,"column":62}},"17":{"start":{"line":18,"column":0},"end":{"line":18,"column":37}},"18":{"start":{"line":19,"column":0},"end":{"line":19,"column":20}},"19":{"start":{"line":20,"column":0},"end":{"line":20,"column":27}},"20":{"start":{"line":21,"column":0},"end":{"line":21,"column":71}},"21":{"start":{"line":22,"column":0},"end":{"line":22,"column":61}},"22":{"start":{"line":23,"column":0},"end":{"line":23,"column":8}},"23":{"start":{"line":24,"column":0},"end":{"line":24,"column":39}},"24":{"start":{"line":25,"column":0},"end":{"line":25,"column":22}},"25":{"start":{"line":26,"column":0},"end":{"line":26,"column":12}},"26":{"start":{"line":27,"column":0},"end":{"line":27,"column":23}},"27":{"start":{"line":28,"column":0},"end":{"line":28,"column":5}},"28":{"start":{"line":29,"column":0},"end":{"line":29,"column":4}},"30":{"start":{"line":31,"column":0},"end":{"line":31,"column":46}},"31":{"start":{"line":32,"column":0},"end":{"line":32,"column":22}},"32":{"start":{"line":33,"column":0},"end":{"line":33,"column":21}},"33":{"start":{"line":34,"column":0},"end":{"line":34,"column":4}},"35":{"start":{"line":36,"column":0},"end":{"line":36,"column":10}},"36":{"start":{"line":37,"column":0},"end":{"line":37,"column":35}},"37":{"start":{"line":38,"column":0},"end":{"line":38,"column":46}},"38":{"start":{"line":39,"column":0},"end":{"line":39,"column":12}},"39":{"start":{"line":40,"column":0},"end":{"line":40,"column":20}},"40":{"start":{"line":41,"column":0},"end":{"line":41,"column":19}},"41":{"start":{"line":42,"column":0},"end":{"line":42,"column":21}},"42":{"start":{"line":43,"column":0},"end":{"line":43,"column":38}},"43":{"start":{"line":44,"column":0},"end":{"line":44,"column":26}},"44":{"start":{"line":45,"column":0},"end":{"line":45,"column":8}},"45":{"start":{"line":46,"column":0},"end":{"line":46,"column":41}},"46":{"start":{"line":47,"column":0},"end":{"line":47,"column":38}},"47":{"start":{"line":48,"column":0},"end":{"line":48,"column":38}},"48":{"start":{"line":49,"column":0},"end":{"line":49,"column":68}},"49":{"start":{"line":50,"column":0},"end":{"line":50,"column":23}},"50":{"start":{"line":51,"column":0},"end":{"line":51,"column":16}},"51":{"start":{"line":52,"column":0},"end":{"line":52,"column":13}},"52":{"start":{"line":53,"column":0},"end":{"line":53,"column":14}},"54":{"start":{"line":55,"column":0},"end":{"line":55,"column":16}},"55":{"start":{"line":56,"column":0},"end":{"line":56,"column":10}},"57":{"start":{"line":58,"column":0},"end":{"line":58,"column":1}}},"s":{"0":1,"3":1,"5":41,"6":41,"7":41,"8":41,"9":41,"10":41,"11":41,"12":41,"13":41,"14":41,"16":41,"17":14,"18":14,"19":14,"20":14,"21":812,"22":14,"23":14,"24":14,"25":14,"26":0,"27":0,"28":14,"30":41,"31":0,"32":0,"33":0,"35":41,"36":41,"37":41,"38":41,"39":41,"40":41,"41":41,"42":41,"43":41,"44":41,"45":41,"46":4,"47":4,"48":8,"49":8,"50":8,"51":4,"52":4,"54":41,"55":41,"57":41},"branchMap":{"0":{"type":"branch","line":6,"loc":{"start":{"line":6,"column":0},"end":{"line":58,"column":1}},"locations":[{"start":{"line":6,"column":0},"end":{"line":58,"column":1}}]},"1":{"type":"branch","line":46,"loc":{"start":{"line":46,"column":7},"end":{"line":46,"column":41}},"locations":[{"start":{"line":46,"column":7},"end":{"line":46,"column":41}}]},"2":{"type":"branch","line":46,"loc":{"start":{"line":46,"column":35},"end":{"line":53,"column":14}},"locations":[{"start":{"line":46,"column":35},"end":{"line":53,"column":14}}]},"3":{"type":"branch","line":12,"loc":{"start":{"line":12,"column":4},"end":{"line":12,"column":41}},"locations":[{"start":{"line":12,"column":4},"end":{"line":12,"column":41}}]},"4":{"type":"branch","line":17,"loc":{"start":{"line":17,"column":30},"end":{"line":29,"column":4}},"locations":[{"start":{"line":17,"column":30},"end":{"line":29,"column":4}}]},"5":{"type":"branch","line":26,"loc":{"start":{"line":26,"column":4},"end":{"line":28,"column":5}},"locations":[{"start":{"line":26,"column":4},"end":{"line":28,"column":5}}]},"6":{"type":"branch","line":21,"loc":{"start":{"line":21,"column":51},"end":{"line":22,"column":61}},"locations":[{"start":{"line":21,"column":51},"end":{"line":22,"column":61}}]},"7":{"type":"branch","line":48,"loc":{"start":{"line":48,"column":24},"end":{"line":51,"column":16}},"locations":[{"start":{"line":48,"column":24},"end":{"line":51,"column":16}}]}},"b":{"0":[41],"1":[20],"2":[4],"3":[48],"4":[14],"5":[0],"6":[812],"7":[8]},"fnMap":{"0":{"name":"CountryInput","decl":{"start":{"line":6,"column":0},"end":{"line":58,"column":1}},"loc":{"start":{"line":6,"column":0},"end":{"line":58,"column":1}},"line":6},"1":{"name":"handleCountryChange","decl":{"start":{"line":17,"column":30},"end":{"line":29,"column":4}},"loc":{"start":{"line":17,"column":30},"end":{"line":29,"column":4}},"line":17},"2":{"name":"selectCountry","decl":{"start":{"line":31,"column":24},"end":{"line":34,"column":4}},"loc":{"start":{"line":31,"column":24},"end":{"line":34,"column":4}},"line":31},"3":{"name":"onClick","decl":{"start":{"line":49,"column":38},"end":{"line":49,"column":68}},"loc":{"start":{"line":49,"column":38},"end":{"line":49,"column":68}},"line":49}},"f":{"0":41,"1":14,"2":0,"3":0}}
,"D:\\projects\\react-forms\\src\\components\\HookForm\\EmailInput.tsx": {"path":"D:\\projects\\react-forms\\src\\components\\HookForm\\EmailInput.tsx","all":false,"statementMap":{"2":{"start":{"line":3,"column":0},"end":{"line":3,"column":79}},"3":{"start":{"line":4,"column":0},"end":{"line":4,"column":10}},"4":{"start":{"line":5,"column":0},"end":{"line":5,"column":33}},"5":{"start":{"line":6,"column":0},"end":{"line":6,"column":42}},"6":{"start":{"line":7,"column":0},"end":{"line":7,"column":12}},"7":{"start":{"line":8,"column":0},"end":{"line":8,"column":18}},"8":{"start":{"line":9,"column":0},"end":{"line":9,"column":19}},"9":{"start":{"line":10,"column":0},"end":{"line":10,"column":21}},"10":{"start":{"line":11,"column":0},"end":{"line":11,"column":30}},"11":{"start":{"line":12,"column":0},"end":{"line":12,"column":39}},"12":{"start":{"line":13,"column":0},"end":{"line":13,"column":10}},"13":{"start":{"line":14,"column":0},"end":{"line":14,"column":26}},"14":{"start":{"line":15,"column":0},"end":{"line":15,"column":8}},"15":{"start":{"line":16,"column":0},"end":{"line":16,"column":16}},"16":{"start":{"line":17,"column":0},"end":{"line":17,"column":10}},"18":{"start":{"line":19,"column":0},"end":{"line":19,"column":1}}},"s":{"2":52,"3":52,"4":52,"5":52,"6":52,"7":52,"8":52,"9":52,"10":52,"11":25,"12":25,"13":52,"14":52,"15":52,"16":52,"18":52},"branchMap":{"0":{"type":"branch","line":3,"loc":{"start":{"line":3,"column":0},"end":{"line":19,"column":1}},"locations":[{"start":{"line":3,"column":0},"end":{"line":19,"column":1}}]},"1":{"type":"branch","line":11,"loc":{"start":{"line":11,"column":18},"end":{"line":13,"column":10}},"locations":[{"start":{"line":11,"column":18},"end":{"line":13,"column":10}}]}},"b":{"0":[52],"1":[25]},"fnMap":{"0":{"name":"EmailInput","decl":{"start":{"line":3,"column":0},"end":{"line":19,"column":1}},"loc":{"start":{"line":3,"column":0},"end":{"line":19,"column":1}},"line":3},"1":{"name":"onChange","decl":{"start":{"line":11,"column":18},"end":{"line":13,"column":10}},"loc":{"start":{"line":11,"column":18},"end":{"line":13,"column":10}},"line":11}},"f":{"0":52,"1":25}}
,"D:\\projects\\react-forms\\src\\components\\HookForm\\Form.tsx": {"path":"D:\\projects\\react-forms\\src\\components\\HookForm\\Form.tsx","all":false,"statementMap":{"0":{"start":{"line":1,"column":0},"end":{"line":1,"column":31}},"1":{"start":{"line":2,"column":0},"end":{"line":2,"column":42}},"2":{"start":{"line":3,"column":0},"end":{"line":3,"column":36}},"3":{"start":{"line":4,"column":0},"end":{"line":4,"column":34}},"4":{"start":{"line":5,"column":0},"end":{"line":5,"column":38}},"5":{"start":{"line":6,"column":0},"end":{"line":6,"column":38}},"6":{"start":{"line":7,"column":0},"end":{"line":7,"column":40}},"7":{"start":{"line":8,"column":0},"end":{"line":8,"column":54}},"8":{"start":{"line":9,"column":0},"end":{"line":9,"column":63}},"9":{"start":{"line":10,"column":0},"end":{"line":10,"column":54}},"10":{"start":{"line":11,"column":0},"end":{"line":11,"column":44}},"11":{"start":{"line":12,"column":0},"end":{"line":12,"column":48}},"13":{"start":{"line":14,"column":0},"end":{"line":14,"column":42}},"14":{"start":{"line":15,"column":0},"end":{"line":15,"column":54}},"16":{"start":{"line":17,"column":0},"end":{"line":17,"column":58}},"21":{"start":{"line":22,"column":0},"end":{"line":22,"column":54}},"22":{"start":{"line":23,"column":0},"end":{"line":23,"column":33}},"23":{"start":{"line":24,"column":0},"end":{"line":24,"column":9}},"24":{"start":{"line":25,"column":0},"end":{"line":25,"column":17}},"25":{"start":{"line":26,"column":0},"end":{"line":26,"column":12}},"26":{"start":{"line":27,"column":0},"end":{"line":27,"column":26}},"27":{"start":{"line":28,"column":0},"end":{"line":28,"column":27}},"28":{"start":{"line":29,"column":0},"end":{"line":29,"column":21}},"29":{"start":{"line":30,"column":0},"end":{"line":30,"column":34}},"30":{"start":{"line":31,"column":0},"end":{"line":31,"column":20}},"31":{"start":{"line":32,"column":0},"end":{"line":32,"column":15}},"32":{"start":{"line":33,"column":0},"end":{"line":33,"column":14}},"33":{"start":{"line":34,"column":0},"end":{"line":34,"column":16}},"34":{"start":{"line":35,"column":0},"end":{"line":35,"column":18}},"35":{"start":{"line":36,"column":0},"end":{"line":36,"column":19}},"36":{"start":{"line":37,"column":0},"end":{"line":37,"column":26}},"37":{"start":{"line":38,"column":0},"end":{"line":38,"column":19}},"38":{"start":{"line":39,"column":0},"end":{"line":39,"column":6}},"39":{"start":{"line":40,"column":0},"end":{"line":40,"column":5}},"41":{"start":{"line":42,"column":0},"end":{"line":42,"column":41}},"42":{"start":{"line":43,"column":0},"end":{"line":43,"column":31}},"44":{"start":{"line":45,"column":0},"end":{"line":45,"column":36}},"45":{"start":{"line":46,"column":0},"end":{"line":46,"column":30}},"46":{"start":{"line":47,"column":0},"end":{"line":47,"column":46}},"47":{"start":{"line":48,"column":0},"end":{"line":48,"column":51}},"48":{"start":{"line":49,"column":0},"end":{"line":49,"column":66}},"49":{"start":{"line":50,"column":0},"end":{"line":50,"column":38}},"50":{"start":{"line":51,"column":0},"end":{"line":51,"column":7}},"51":{"start":{"line":52,"column":0},"end":{"line":52,"column":6}},"52":{"start":{"line":53,"column":0},"end":{"line":53,"column":31}},"54":{"start":{"line":55,"column":0},"end":{"line":55,"column":14}},"55":{"start":{"line":56,"column":0},"end":{"line":56,"column":4}},"57":{"start":{"line":58,"column":0},"end":{"line":58,"column":21}},"58":{"start":{"line":59,"column":0},"end":{"line":59,"column":80}},"60":{"start":{"line":61,"column":0},"end":{"line":61,"column":10}},"61":{"start":{"line":62,"column":0},"end":{"line":62,"column":60}},"62":{"start":{"line":63,"column":0},"end":{"line":63,"column":17}},"63":{"start":{"line":64,"column":0},"end":{"line":64,"column":19}},"64":{"start":{"line":65,"column":0},"end":{"line":65,"column":25}},"65":{"start":{"line":66,"column":0},"end":{"line":66,"column":32}},"66":{"start":{"line":67,"column":0},"end":{"line":67,"column":67}},"67":{"start":{"line":68,"column":0},"end":{"line":68,"column":28}},"68":{"start":{"line":69,"column":0},"end":{"line":69,"column":74}},"70":{"start":{"line":71,"column":0},"end":{"line":71,"column":53}},"72":{"start":{"line":73,"column":0},"end":{"line":73,"column":22}},"74":{"start":{"line":75,"column":0},"end":{"line":75,"column":20}},"76":{"start":{"line":77,"column":0},"end":{"line":77,"column":17}},"77":{"start":{"line":78,"column":0},"end":{"line":78,"column":18}},"78":{"start":{"line":79,"column":0},"end":{"line":79,"column":25}},"79":{"start":{"line":80,"column":0},"end":{"line":80,"column":32}},"80":{"start":{"line":81,"column":0},"end":{"line":81,"column":66}},"81":{"start":{"line":82,"column":0},"end":{"line":82,"column":27}},"82":{"start":{"line":83,"column":0},"end":{"line":83,"column":73}},"84":{"start":{"line":85,"column":0},"end":{"line":85,"column":53}},"86":{"start":{"line":87,"column":0},"end":{"line":87,"column":21}},"88":{"start":{"line":89,"column":0},"end":{"line":89,"column":20}},"90":{"start":{"line":91,"column":0},"end":{"line":91,"column":17}},"91":{"start":{"line":92,"column":0},"end":{"line":92,"column":20}},"92":{"start":{"line":93,"column":0},"end":{"line":93,"column":25}},"93":{"start":{"line":94,"column":0},"end":{"line":94,"column":32}},"94":{"start":{"line":95,"column":0},"end":{"line":95,"column":68}},"95":{"start":{"line":96,"column":0},"end":{"line":96,"column":29}},"96":{"start":{"line":97,"column":0},"end":{"line":97,"column":75}},"98":{"start":{"line":99,"column":0},"end":{"line":99,"column":53}},"100":{"start":{"line":101,"column":0},"end":{"line":101,"column":23}},"102":{"start":{"line":103,"column":0},"end":{"line":103,"column":20}},"104":{"start":{"line":105,"column":0},"end":{"line":105,"column":17}},"105":{"start":{"line":106,"column":0},"end":{"line":106,"column":22}},"106":{"start":{"line":107,"column":0},"end":{"line":107,"column":25}},"107":{"start":{"line":108,"column":0},"end":{"line":108,"column":32}},"108":{"start":{"line":109,"column":0},"end":{"line":109,"column":70}},"109":{"start":{"line":110,"column":0},"end":{"line":110,"column":31}},"110":{"start":{"line":111,"column":0},"end":{"line":111,"column":77}},"112":{"start":{"line":113,"column":0},"end":{"line":113,"column":53}},"114":{"start":{"line":115,"column":0},"end":{"line":115,"column":25}},"116":{"start":{"line":117,"column":0},"end":{"line":117,"column":20}},"118":{"start":{"line":119,"column":0},"end":{"line":119,"column":17}},"119":{"start":{"line":120,"column":0},"end":{"line":120,"column":21}},"120":{"start":{"line":121,"column":0},"end":{"line":121,"column":25}},"121":{"start":{"line":122,"column":0},"end":{"line":122,"column":32}},"122":{"start":{"line":123,"column":0},"end":{"line":123,"column":49}},"123":{"start":{"line":124,"column":0},"end":{"line":124,"column":30}},"124":{"start":{"line":125,"column":0},"end":{"line":125,"column":76}},"126":{"start":{"line":127,"column":0},"end":{"line":127,"column":53}},"128":{"start":{"line":129,"column":0},"end":{"line":129,"column":24}},"130":{"start":{"line":131,"column":0},"end":{"line":131,"column":20}},"132":{"start":{"line":133,"column":0},"end":{"line":133,"column":17}},"133":{"start":{"line":134,"column":0},"end":{"line":134,"column":20}},"134":{"start":{"line":135,"column":0},"end":{"line":135,"column":25}},"135":{"start":{"line":136,"column":0},"end":{"line":136,"column":32}},"136":{"start":{"line":137,"column":0},"end":{"line":137,"column":48}},"137":{"start":{"line":138,"column":0},"end":{"line":138,"column":29}},"138":{"start":{"line":139,"column":0},"end":{"line":139,"column":75}},"140":{"start":{"line":141,"column":0},"end":{"line":141,"column":53}},"142":{"start":{"line":143,"column":0},"end":{"line":143,"column":23}},"144":{"start":{"line":145,"column":0},"end":{"line":145,"column":20}},"146":{"start":{"line":147,"column":0},"end":{"line":147,"column":17}},"147":{"start":{"line":148,"column":0},"end":{"line":148,"column":23}},"148":{"start":{"line":149,"column":0},"end":{"line":149,"column":25}},"149":{"start":{"line":150,"column":0},"end":{"line":150,"column":32}},"150":{"start":{"line":151,"column":0},"end":{"line":151,"column":71}},"151":{"start":{"line":152,"column":0},"end":{"line":152,"column":32}},"152":{"start":{"line":153,"column":0},"end":{"line":153,"column":78}},"154":{"start":{"line":155,"column":0},"end":{"line":155,"column":53}},"156":{"start":{"line":157,"column":0},"end":{"line":157,"column":26}},"158":{"start":{"line":159,"column":0},"end":{"line":159,"column":20}},"160":{"start":{"line":161,"column":0},"end":{"line":161,"column":17}},"161":{"start":{"line":162,"column":0},"end":{"line":162,"column":30}},"162":{"start":{"line":163,"column":0},"end":{"line":163,"column":25}},"163":{"start":{"line":164,"column":0},"end":{"line":164,"column":44}},"164":{"start":{"line":165,"column":0},"end":{"line":165,"column":78}},"165":{"start":{"line":166,"column":0},"end":{"line":166,"column":39}},"166":{"start":{"line":167,"column":0},"end":{"line":167,"column":46}},"167":{"start":{"line":168,"column":0},"end":{"line":168,"column":48}},"168":{"start":{"line":169,"column":0},"end":{"line":169,"column":21}},"170":{"start":{"line":171,"column":0},"end":{"line":171,"column":80}},"172":{"start":{"line":173,"column":0},"end":{"line":173,"column":33}},"174":{"start":{"line":175,"column":0},"end":{"line":175,"column":20}},"176":{"start":{"line":177,"column":0},"end":{"line":177,"column":17}},"177":{"start":{"line":178,"column":0},"end":{"line":178,"column":20}},"178":{"start":{"line":179,"column":0},"end":{"line":179,"column":25}},"179":{"start":{"line":180,"column":0},"end":{"line":180,"column":32}},"180":{"start":{"line":181,"column":0},"end":{"line":181,"column":53}},"181":{"start":{"line":182,"column":0},"end":{"line":182,"column":29}},"182":{"start":{"line":183,"column":0},"end":{"line":183,"column":75}},"184":{"start":{"line":185,"column":0},"end":{"line":185,"column":53}},"186":{"start":{"line":187,"column":0},"end":{"line":187,"column":28}},"188":{"start":{"line":189,"column":0},"end":{"line":189,"column":20}},"190":{"start":{"line":191,"column":0},"end":{"line":191,"column":52}},"192":{"start":{"line":193,"column":0},"end":{"line":193,"column":15}},"193":{"start":{"line":194,"column":0},"end":{"line":194,"column":11}},"195":{"start":{"line":196,"column":0},"end":{"line":196,"column":1}}},"s":{"0":1,"1":1,"2":1,"3":1,"4":1,"5":1,"6":1,"7":1,"8":1,"9":1,"10":1,"11":1,"13":1,"14":1,"16":1,"21":27,"22":27,"23":27,"24":27,"25":27,"26":27,"27":27,"28":27,"29":27,"30":27,"31":27,"32":27,"33":27,"34":27,"35":27,"36":27,"37":27,"38":27,"39":27,"41":27,"42":1,"44":1,"45":1,"46":1,"47":1,"48":1,"49":1,"50":1,"51":1,"52":1,"54":1,"55":1,"57":27,"58":27,"60":27,"61":27,"62":27,"63":27,"64":27,"65":27,"66":39,"67":39,"68":4,"70":35,"72":39,"74":27,"76":27,"77":27,"78":27,"79":27,"80":33,"81":33,"82":8,"84":25,"86":33,"88":27,"90":27,"91":27,"92":27,"93":27,"94":56,"95":56,"96":29,"98":27,"100":56,"102":27,"104":27,"105":27,"106":27,"107":27,"108":45,"109":45,"110":4,"112":41,"114":45,"116":27,"118":27,"119":27,"120":27,"121":27,"122":33,"123":33,"124":4,"126":29,"128":33,"130":27,"132":27,"133":27,"134":27,"135":27,"136":32,"137":32,"138":6,"140":26,"142":32,"144":27,"146":27,"147":27,"148":27,"149":27,"150":47,"151":47,"152":20,"154":27,"156":47,"158":27,"160":27,"161":27,"162":27,"163":27,"164":45,"165":45,"166":14,"167":14,"168":14,"170":31,"172":45,"174":27,"176":27,"177":27,"178":27,"179":27,"180":32,"181":32,"182":6,"184":26,"186":32,"188":27,"190":27,"192":27,"193":27,"195":27},"branchMap":{"0":{"type":"branch","line":22,"loc":{"start":{"line":22,"column":0},"end":{"line":196,"column":1}},"locations":[{"start":{"line":22,"column":0},"end":{"line":196,"column":1}}]},"1":{"type":"branch","line":59,"loc":{"start":{"line":59,"column":33},"end":{"line":59,"column":64}},"locations":[{"start":{"line":59,"column":33},"end":{"line":59,"column":64}}]},"2":{"type":"branch","line":59,"loc":{"start":{"line":59,"column":37},"end":{"line":59,"column":80}},"locations":[{"start":{"line":59,"column":37},"end":{"line":59,"column":80}}]},"3":{"type":"branch","line":42,"loc":{"start":{"line":42,"column":18},"end":{"line":56,"column":4}},"locations":[{"start":{"line":42,"column":18},"end":{"line":56,"column":4}}]},"4":{"type":"branch","line":46,"loc":{"start":{"line":46,"column":23},"end":{"line":52,"column":6}},"locations":[{"start":{"line":46,"column":23},"end":{"line":52,"column":6}}]},"5":{"type":"branch","line":66,"loc":{"start":{"line":66,"column":16},"end":{"line":73,"column":22}},"locations":[{"start":{"line":66,"column":16},"end":{"line":73,"column":22}}]},"6":{"type":"branch","line":68,"loc":{"start":{"line":68,"column":20},"end":{"line":69,"column":74}},"locations":[{"start":{"line":68,"column":20},"end":{"line":69,"column":74}}]},"7":{"type":"branch","line":69,"loc":{"start":{"line":69,"column":67},"end":{"line":71,"column":53}},"locations":[{"start":{"line":69,"column":67},"end":{"line":71,"column":53}}]},"8":{"type":"branch","line":80,"loc":{"start":{"line":80,"column":16},"end":{"line":87,"column":21}},"locations":[{"start":{"line":80,"column":16},"end":{"line":87,"column":21}}]},"9":{"type":"branch","line":82,"loc":{"start":{"line":82,"column":20},"end":{"line":83,"column":73}},"locations":[{"start":{"line":82,"column":20},"end":{"line":83,"column":73}}]},"10":{"type":"branch","line":83,"loc":{"start":{"line":83,"column":66},"end":{"line":85,"column":53}},"locations":[{"start":{"line":83,"column":66},"end":{"line":85,"column":53}}]},"11":{"type":"branch","line":94,"loc":{"start":{"line":94,"column":16},"end":{"line":101,"column":23}},"locations":[{"start":{"line":94,"column":16},"end":{"line":101,"column":23}}]},"12":{"type":"branch","line":96,"loc":{"start":{"line":96,"column":20},"end":{"line":97,"column":75}},"locations":[{"start":{"line":96,"column":20},"end":{"line":97,"column":75}}]},"13":{"type":"branch","line":97,"loc":{"start":{"line":97,"column":68},"end":{"line":99,"column":53}},"locations":[{"start":{"line":97,"column":68},"end":{"line":99,"column":53}}]},"14":{"type":"branch","line":108,"loc":{"start":{"line":108,"column":16},"end":{"line":115,"column":25}},"locations":[{"start":{"line":108,"column":16},"end":{"line":115,"column":25}}]},"15":{"type":"branch","line":110,"loc":{"start":{"line":110,"column":20},"end":{"line":111,"column":77}},"locations":[{"start":{"line":110,"column":20},"end":{"line":111,"column":77}}]},"16":{"type":"branch","line":111,"loc":{"start":{"line":111,"column":70},"end":{"line":113,"column":53}},"locations":[{"start":{"line":111,"column":70},"end":{"line":113,"column":53}}]},"17":{"type":"branch","line":122,"loc":{"start":{"line":122,"column":16},"end":{"line":129,"column":24}},"locations":[{"start":{"line":122,"column":16},"end":{"line":129,"column":24}}]},"18":{"type":"branch","line":124,"loc":{"start":{"line":124,"column":20},"end":{"line":125,"column":76}},"locations":[{"start":{"line":124,"column":20},"end":{"line":125,"column":76}}]},"19":{"type":"branch","line":125,"loc":{"start":{"line":125,"column":69},"end":{"line":127,"column":53}},"locations":[{"start":{"line":125,"column":69},"end":{"line":127,"column":53}}]},"20":{"type":"branch","line":136,"loc":{"start":{"line":136,"column":16},"end":{"line":143,"column":23}},"locations":[{"start":{"line":136,"column":16},"end":{"line":143,"column":23}}]},"21":{"type":"branch","line":138,"loc":{"start":{"line":138,"column":20},"end":{"line":139,"column":75}},"locations":[{"start":{"line":138,"column":20},"end":{"line":139,"column":75}}]},"22":{"type":"branch","line":139,"loc":{"start":{"line":139,"column":68},"end":{"line":141,"column":53}},"locations":[{"start":{"line":139,"column":68},"end":{"line":141,"column":53}}]},"23":{"type":"branch","line":150,"loc":{"start":{"line":150,"column":16},"end":{"line":157,"column":26}},"locations":[{"start":{"line":150,"column":16},"end":{"line":157,"column":26}}]},"24":{"type":"branch","line":152,"loc":{"start":{"line":152,"column":20},"end":{"line":153,"column":78}},"locations":[{"start":{"line":152,"column":20},"end":{"line":153,"column":78}}]},"25":{"type":"branch","line":153,"loc":{"start":{"line":153,"column":71},"end":{"line":155,"column":53}},"locations":[{"start":{"line":153,"column":71},"end":{"line":155,"column":53}}]},"26":{"type":"branch","line":164,"loc":{"start":{"line":164,"column":16},"end":{"line":173,"column":33}},"locations":[{"start":{"line":164,"column":16},"end":{"line":173,"column":33}}]},"27":{"type":"branch","line":166,"loc":{"start":{"line":166,"column":20},"end":{"line":169,"column":21}},"locations":[{"start":{"line":166,"column":20},"end":{"line":169,"column":21}}]},"28":{"type":"branch","line":169,"loc":{"start":{"line":169,"column":14},"end":{"line":171,"column":80}},"locations":[{"start":{"line":169,"column":14},"end":{"line":171,"column":80}}]},"29":{"type":"branch","line":171,"loc":{"start":{"line":171,"column":58},"end":{"line":171,"column":73}},"locations":[{"start":{"line":171,"column":58},"end":{"line":171,"column":73}}]},"30":{"type":"branch","line":180,"loc":{"start":{"line":180,"column":16},"end":{"line":187,"column":28}},"locations":[{"start":{"line":180,"column":16},"end":{"line":187,"column":28}}]},"31":{"type":"branch","line":182,"loc":{"start":{"line":182,"column":20},"end":{"line":183,"column":75}},"locations":[{"start":{"line":182,"column":20},"end":{"line":183,"column":75}}]},"32":{"type":"branch","line":183,"loc":{"start":{"line":183,"column":68},"end":{"line":185,"column":53}},"locations":[{"start":{"line":183,"column":68},"end":{"line":185,"column":53}}]}},"b":{"0":[27],"1":[10],"2":[17],"3":[1],"4":[1],"5":[39],"6":[4],"7":[35],"8":[33],"9":[8],"10":[25],"11":[56],"12":[29],"13":[27],"14":[45],"15":[4],"16":[41],"17":[33],"18":[4],"19":[29],"20":[32],"21":[6],"22":[26],"23":[47],"24":[20],"25":[27],"26":[45],"27":[14],"28":[31],"29":[0],"30":[32],"31":[6],"32":[26]},"fnMap":{"0":{"name":"HookForm","decl":{"start":{"line":22,"column":0},"end":{"line":196,"column":1}},"loc":{"start":{"line":22,"column":0},"end":{"line":196,"column":1}},"line":22},"1":{"name":"getData","decl":{"start":{"line":42,"column":18},"end":{"line":56,"column":4}},"loc":{"start":{"line":42,"column":18},"end":{"line":56,"column":4}},"line":42},"2":{"name":"reader.onloadend","decl":{"start":{"line":46,"column":23},"end":{"line":52,"column":6}},"loc":{"start":{"line":46,"column":23},"end":{"line":52,"column":6}},"line":46},"3":{"name":"render","decl":{"start":{"line":66,"column":16},"end":{"line":73,"column":22}},"loc":{"start":{"line":66,"column":16},"end":{"line":73,"column":22}},"line":66},"4":{"name":"render","decl":{"start":{"line":80,"column":16},"end":{"line":87,"column":21}},"loc":{"start":{"line":80,"column":16},"end":{"line":87,"column":21}},"line":80},"5":{"name":"render","decl":{"start":{"line":94,"column":16},"end":{"line":101,"column":23}},"loc":{"start":{"line":94,"column":16},"end":{"line":101,"column":23}},"line":94},"6":{"name":"render","decl":{"start":{"line":108,"column":16},"end":{"line":115,"column":25}},"loc":{"start":{"line":108,"column":16},"end":{"line":115,"column":25}},"line":108},"7":{"name":"render","decl":{"start":{"line":122,"column":16},"end":{"line":129,"column":24}},"loc":{"start":{"line":122,"column":16},"end":{"line":129,"column":24}},"line":122},"8":{"name":"render","decl":{"start":{"line":136,"column":16},"end":{"line":143,"column":23}},"loc":{"start":{"line":136,"column":16},"end":{"line":143,"column":23}},"line":136},"9":{"name":"render","decl":{"start":{"line":150,"column":16},"end":{"line":157,"column":26}},"loc":{"start":{"line":150,"column":16},"end":{"line":157,"column":26}},"line":150},"10":{"name":"render","decl":{"start":{"line":164,"column":16},"end":{"line":173,"column":33}},"loc":{"start":{"line":164,"column":16},"end":{"line":173,"column":33}},"line":164},"11":{"name":"render","decl":{"start":{"line":180,"column":16},"end":{"line":187,"column":28}},"loc":{"start":{"line":180,"column":16},"end":{"line":187,"column":28}},"line":180}},"f":{"0":27,"1":1,"2":1,"3":39,"4":33,"5":56,"6":45,"7":33,"8":32,"9":47,"10":45,"11":32}}
,"D:\\projects\\react-forms\\src\\components\\HookForm\\GenderInput.tsx": {"path":"D:\\projects\\react-forms\\src\\components\\HookForm\\GenderInput.tsx","all":false,"statementMap":{"7":{"start":{"line":8,"column":0},"end":{"line":8,"column":79}},"8":{"start":{"line":9,"column":0},"end":{"line":9,"column":10}},"9":{"start":{"line":10,"column":0},"end":{"line":10,"column":34}},"10":{"start":{"line":11,"column":0},"end":{"line":11,"column":25}},"11":{"start":{"line":12,"column":0},"end":{"line":12,"column":42}},"12":{"start":{"line":13,"column":0},"end":{"line":13,"column":13}},"13":{"start":{"line":14,"column":0},"end":{"line":14,"column":32}},"14":{"start":{"line":15,"column":0},"end":{"line":15,"column":18}},"15":{"start":{"line":16,"column":0},"end":{"line":16,"column":26}},"16":{"start":{"line":17,"column":0},"end":{"line":17,"column":23}},"17":{"start":{"line":18,"column":0},"end":{"line":18,"column":26}},"18":{"start":{"line":19,"column":0},"end":{"line":19,"column":27}},"19":{"start":{"line":20,"column":0},"end":{"line":20,"column":30}},"20":{"start":{"line":21,"column":0},"end":{"line":21,"column":33}},"21":{"start":{"line":22,"column":0},"end":{"line":22,"column":16}},"22":{"start":{"line":23,"column":0},"end":{"line":23,"column":21}},"24":{"start":{"line":25,"column":0},"end":{"line":25,"column":18}},"25":{"start":{"line":26,"column":0},"end":{"line":26,"column":14}},"26":{"start":{"line":27,"column":0},"end":{"line":27,"column":13}},"27":{"start":{"line":28,"column":0},"end":{"line":28,"column":34}},"28":{"start":{"line":29,"column":0},"end":{"line":29,"column":18}},"29":{"start":{"line":30,"column":0},"end":{"line":30,"column":26}},"30":{"start":{"line":31,"column":0},"end":{"line":31,"column":25}},"31":{"start":{"line":32,"column":0},"end":{"line":32,"column":28}},"32":{"start":{"line":33,"column":0},"end":{"line":33,"column":27}},"33":{"start":{"line":34,"column":0},"end":{"line":34,"column":30}},"34":{"start":{"line":35,"column":0},"end":{"line":35,"column":35}},"35":{"start":{"line":36,"column":0},"end":{"line":36,"column":16}},"36":{"start":{"line":37,"column":0},"end":{"line":37,"column":21}},"38":{"start":{"line":39,"column":0},"end":{"line":39,"column":18}},"39":{"start":{"line":40,"column":0},"end":{"line":40,"column":14}},"40":{"start":{"line":41,"column":0},"end":{"line":41,"column":13}},"41":{"start":{"line":42,"column":0},"end":{"line":42,"column":33}},"42":{"start":{"line":43,"column":0},"end":{"line":43,"column":18}},"43":{"start":{"line":44,"column":0},"end":{"line":44,"column":26}},"44":{"start":{"line":45,"column":0},"end":{"line":45,"column":24}},"45":{"start":{"line":46,"column":0},"end":{"line":46,"column":27}},"46":{"start":{"line":47,"column":0},"end":{"line":47,"column":27}},"47":{"start":{"line":48,"column":0},"end":{"line":48,"column":30}},"48":{"start":{"line":49,"column":0},"end":{"line":49,"column":34}},"49":{"start":{"line":50,"column":0},"end":{"line":50,"column":16}},"50":{"start":{"line":51,"column":0},"end":{"line":51,"column":21}},"52":{"start":{"line":53,"column":0},"end":{"line":53,"column":18}},"53":{"start":{"line":54,"column":0},"end":{"line":54,"column":14}},"54":{"start":{"line":55,"column":0},"end":{"line":55,"column":12}},"55":{"start":{"line":56,"column":0},"end":{"line":56,"column":16}},"56":{"start":{"line":57,"column":0},"end":{"line":57,"column":10}},"58":{"start":{"line":59,"column":0},"end":{"line":59,"column":1}}},"s":{"7":29,"8":29,"9":29,"10":29,"11":29,"12":29,"13":29,"14":29,"15":29,"16":29,"17":29,"18":29,"19":29,"20":0,"21":0,"22":29,"24":29,"25":29,"26":29,"27":29,"28":29,"29":29,"30":29,"31":29,"32":29,"33":29,"34":2,"35":2,"36":29,"38":29,"39":29,"40":29,"41":29,"42":29,"43":29,"44":29,"45":29,"46":29,"47":29,"48":0,"49":0,"50":29,"52":29,"53":29,"54":29,"55":29,"56":29,"58":29},"branchMap":{"0":{"type":"branch","line":8,"loc":{"start":{"line":8,"column":0},"end":{"line":59,"column":1}},"locations":[{"start":{"line":8,"column":0},"end":{"line":59,"column":1}}]},"1":{"type":"branch","line":34,"loc":{"start":{"line":34,"column":23},"end":{"line":36,"column":16}},"locations":[{"start":{"line":34,"column":23},"end":{"line":36,"column":16}}]}},"b":{"0":[29],"1":[2]},"fnMap":{"0":{"name":"GenderInput","decl":{"start":{"line":8,"column":0},"end":{"line":59,"column":1}},"loc":{"start":{"line":8,"column":0},"end":{"line":59,"column":1}},"line":8},"1":{"name":"onClick","decl":{"start":{"line":20,"column":23},"end":{"line":22,"column":16}},"loc":{"start":{"line":20,"column":23},"end":{"line":22,"column":16}},"line":20},"2":{"name":"onClick","decl":{"start":{"line":34,"column":23},"end":{"line":36,"column":16}},"loc":{"start":{"line":34,"column":23},"end":{"line":36,"column":16}},"line":34},"3":{"name":"onClick","decl":{"start":{"line":48,"column":23},"end":{"line":50,"column":16}},"loc":{"start":{"line":48,"column":23},"end":{"line":50,"column":16}},"line":48}},"f":{"0":29,"1":0,"2":2,"3":0}}
,"D:\\projects\\react-forms\\src\\components\\HookForm\\NameInput.tsx": {"path":"D:\\projects\\react-forms\\src\\components\\HookForm\\NameInput.tsx","all":false,"statementMap":{"2":{"start":{"line":3,"column":0},"end":{"line":3,"column":78}},"3":{"start":{"line":4,"column":0},"end":{"line":4,"column":10}},"4":{"start":{"line":5,"column":0},"end":{"line":5,"column":32}},"5":{"start":{"line":6,"column":0},"end":{"line":6,"column":40}},"6":{"start":{"line":7,"column":0},"end":{"line":7,"column":12}},"7":{"start":{"line":8,"column":0},"end":{"line":8,"column":17}},"8":{"start":{"line":9,"column":0},"end":{"line":9,"column":19}},"9":{"start":{"line":10,"column":0},"end":{"line":10,"column":21}},"10":{"start":{"line":11,"column":0},"end":{"line":11,"column":30}},"11":{"start":{"line":12,"column":0},"end":{"line":12,"column":39}},"12":{"start":{"line":13,"column":0},"end":{"line":13,"column":10}},"13":{"start":{"line":14,"column":0},"end":{"line":14,"column":17}},"14":{"start":{"line":15,"column":0},"end":{"line":15,"column":26}},"15":{"start":{"line":16,"column":0},"end":{"line":16,"column":8}},"16":{"start":{"line":17,"column":0},"end":{"line":17,"column":16}},"17":{"start":{"line":18,"column":0},"end":{"line":18,"column":10}},"19":{"start":{"line":20,"column":0},"end":{"line":20,"column":1}}},"s":{"2":35,"3":35,"4":35,"5":35,"6":35,"7":35,"8":35,"9":35,"10":35,"11":8,"12":8,"13":35,"14":35,"15":35,"16":35,"17":35,"19":35},"branchMap":{"0":{"type":"branch","line":3,"loc":{"start":{"line":3,"column":0},"end":{"line":20,"column":1}},"locations":[{"start":{"line":3,"column":0},"end":{"line":20,"column":1}}]},"1":{"type":"branch","line":11,"loc":{"start":{"line":11,"column":18},"end":{"line":13,"column":10}},"locations":[{"start":{"line":11,"column":18},"end":{"line":13,"column":10}}]}},"b":{"0":[35],"1":[8]},"fnMap":{"0":{"name":"NameInput","decl":{"start":{"line":3,"column":0},"end":{"line":20,"column":1}},"loc":{"start":{"line":3,"column":0},"end":{"line":20,"column":1}},"line":3},"1":{"name":"onChange","decl":{"start":{"line":11,"column":18},"end":{"line":13,"column":10}},"loc":{"start":{"line":11,"column":18},"end":{"line":13,"column":10}},"line":11}},"f":{"0":35,"1":8}}
,"D:\\projects\\react-forms\\src\\components\\HookForm\\PasswordInput.tsx": {"path":"D:\\projects\\react-forms\\src\\components\\HookForm\\PasswordInput.tsx","all":false,"statementMap":{"8":{"start":{"line":9,"column":0},"end":{"line":9,"column":39}},"9":{"start":{"line":10,"column":0},"end":{"line":10,"column":8}},"10":{"start":{"line":11,"column":0},"end":{"line":11,"column":11}},"11":{"start":{"line":12,"column":0},"end":{"line":12,"column":11}},"12":{"start":{"line":13,"column":0},"end":{"line":13,"column":19}},"13":{"start":{"line":14,"column":0},"end":{"line":14,"column":10}},"14":{"start":{"line":15,"column":0},"end":{"line":15,"column":36}},"15":{"start":{"line":16,"column":0},"end":{"line":16,"column":48}},"16":{"start":{"line":17,"column":0},"end":{"line":17,"column":12}},"17":{"start":{"line":18,"column":0},"end":{"line":18,"column":21}},"18":{"start":{"line":19,"column":0},"end":{"line":19,"column":21}},"19":{"start":{"line":20,"column":0},"end":{"line":20,"column":23}},"20":{"start":{"line":21,"column":0},"end":{"line":21,"column":30}},"21":{"start":{"line":22,"column":0},"end":{"line":22,"column":39}},"22":{"start":{"line":23,"column":0},"end":{"line":23,"column":10}},"23":{"start":{"line":24,"column":0},"end":{"line":24,"column":8}},"24":{"start":{"line":25,"column":0},"end":{"line":25,"column":16}},"25":{"start":{"line":26,"column":0},"end":{"line":26,"column":10}},"27":{"start":{"line":28,"column":0},"end":{"line":28,"column":1}}},"s":{"8":43,"9":43,"10":43,"11":43,"12":43,"13":43,"14":43,"15":43,"16":43,"17":43,"18":43,"19":43,"20":43,"21":16,"22":16,"23":43,"24":43,"25":43,"27":43},"branchMap":{"0":{"type":"branch","line":9,"loc":{"start":{"line":9,"column":0},"end":{"line":28,"column":1}},"locations":[{"start":{"line":9,"column":0},"end":{"line":28,"column":1}}]},"1":{"type":"branch","line":21,"loc":{"start":{"line":21,"column":18},"end":{"line":23,"column":10}},"locations":[{"start":{"line":21,"column":18},"end":{"line":23,"column":10}}]}},"b":{"0":[43],"1":[16]},"fnMap":{"0":{"name":"PasswordInput","decl":{"start":{"line":9,"column":0},"end":{"line":28,"column":1}},"loc":{"start":{"line":9,"column":0},"end":{"line":28,"column":1}},"line":9},"1":{"name":"onChange","decl":{"start":{"line":21,"column":18},"end":{"line":23,"column":10}},"loc":{"start":{"line":21,"column":18},"end":{"line":23,"column":10}},"line":21}},"f":{"0":43,"1":16}}
,"D:\\projects\\react-forms\\src\\components\\HookForm\\PhotoInput.tsx": {"path":"D:\\projects\\react-forms\\src\\components\\HookForm\\PhotoInput.tsx","all":false,"statementMap":{"1":{"start":{"line":2,"column":0},"end":{"line":2,"column":42}},"2":{"start":{"line":3,"column":0},"end":{"line":3,"column":50}},"9":{"start":{"line":10,"column":0},"end":{"line":10,"column":77}},"10":{"start":{"line":11,"column":0},"end":{"line":11,"column":33}},"11":{"start":{"line":12,"column":0},"end":{"line":12,"column":60}},"12":{"start":{"line":13,"column":0},"end":{"line":13,"column":29}},"13":{"start":{"line":14,"column":0},"end":{"line":14,"column":41}},"14":{"start":{"line":15,"column":0},"end":{"line":15,"column":35}},"15":{"start":{"line":16,"column":0},"end":{"line":16,"column":38}},"16":{"start":{"line":17,"column":0},"end":{"line":17,"column":32}},"17":{"start":{"line":18,"column":0},"end":{"line":18,"column":48}},"18":{"start":{"line":19,"column":0},"end":{"line":19,"column":53}},"19":{"start":{"line":20,"column":0},"end":{"line":20,"column":43}},"20":{"start":{"line":21,"column":0},"end":{"line":21,"column":9}},"21":{"start":{"line":22,"column":0},"end":{"line":22,"column":8}},"22":{"start":{"line":23,"column":0},"end":{"line":23,"column":33}},"23":{"start":{"line":24,"column":0},"end":{"line":24,"column":5}},"24":{"start":{"line":25,"column":0},"end":{"line":25,"column":4}},"26":{"start":{"line":27,"column":0},"end":{"line":27,"column":10}},"27":{"start":{"line":28,"column":0},"end":{"line":28,"column":33}},"28":{"start":{"line":29,"column":0},"end":{"line":29,"column":42}},"29":{"start":{"line":30,"column":0},"end":{"line":30,"column":12}},"30":{"start":{"line":31,"column":0},"end":{"line":31,"column":38}},"31":{"start":{"line":32,"column":0},"end":{"line":32,"column":18}},"32":{"start":{"line":33,"column":0},"end":{"line":33,"column":19}},"33":{"start":{"line":34,"column":0},"end":{"line":34,"column":36}},"34":{"start":{"line":35,"column":0},"end":{"line":35,"column":8}},"35":{"start":{"line":36,"column":0},"end":{"line":36,"column":16}},"36":{"start":{"line":37,"column":0},"end":{"line":37,"column":10}},"38":{"start":{"line":39,"column":0},"end":{"line":39,"column":1}}},"s":{"1":1,"2":1,"9":28,"10":28,"11":28,"12":1,"13":1,"14":1,"15":1,"16":1,"17":1,"18":1,"19":1,"20":1,"21":1,"22":1,"23":1,"24":1,"26":28,"27":28,"28":28,"29":28,"30":28,"31":28,"32":28,"33":28,"34":28,"35":28,"36":28,"38":28},"branchMap":{"0":{"type":"branch","line":10,"loc":{"start":{"line":10,"column":0},"end":{"line":39,"column":1}},"locations":[{"start":{"line":10,"column":0},"end":{"line":39,"column":1}}]},"1":{"type":"branch","line":12,"loc":{"start":{"line":12,"column":28},"end":{"line":25,"column":4}},"locations":[{"start":{"line":12,"column":28},"end":{"line":25,"column":4}}]},"2":{"type":"branch","line":17,"loc":{"start":{"line":17,"column":25},"end":{"line":22,"column":8}},"locations":[{"start":{"line":17,"column":25},"end":{"line":22,"column":8}}]}},"b":{"0":[28],"1":[1],"2":[1]},"fnMap":{"0":{"name":"PhotoInput","decl":{"start":{"line":10,"column":0},"end":{"line":39,"column":1}},"loc":{"start":{"line":10,"column":0},"end":{"line":39,"column":1}},"line":10},"1":{"name":"handlePhotoChange","decl":{"start":{"line":12,"column":28},"end":{"line":25,"column":4}},"loc":{"start":{"line":12,"column":28},"end":{"line":25,"column":4}},"line":12},"2":{"name":"reader.onloadend","decl":{"start":{"line":17,"column":25},"end":{"line":22,"column":8}},"loc":{"start":{"line":17,"column":25},"end":{"line":22,"column":8}},"line":17}},"f":{"0":28,"1":1,"2":1}}
,"D:\\projects\\react-forms\\src\\components\\HookForm\\TermsCheckInput.tsx": {"path":"D:\\projects\\react-forms\\src\\components\\HookForm\\TermsCheckInput.tsx","all":false,"statementMap":{"7":{"start":{"line":8,"column":0},"end":{"line":8,"column":72}},"8":{"start":{"line":9,"column":0},"end":{"line":9,"column":10}},"9":{"start":{"line":10,"column":0},"end":{"line":10,"column":33}},"10":{"start":{"line":11,"column":0},"end":{"line":11,"column":12}},"11":{"start":{"line":12,"column":0},"end":{"line":12,"column":18}},"12":{"start":{"line":13,"column":0},"end":{"line":13,"column":23}},"13":{"start":{"line":14,"column":0},"end":{"line":14,"column":30}},"14":{"start":{"line":15,"column":0},"end":{"line":15,"column":41}},"15":{"start":{"line":16,"column":0},"end":{"line":16,"column":10}},"16":{"start":{"line":17,"column":0},"end":{"line":17,"column":8}},"17":{"start":{"line":18,"column":0},"end":{"line":18,"column":29}},"19":{"start":{"line":20,"column":0},"end":{"line":20,"column":70}},"20":{"start":{"line":21,"column":0},"end":{"line":21,"column":15}},"22":{"start":{"line":23,"column":0},"end":{"line":23,"column":12}},"23":{"start":{"line":24,"column":0},"end":{"line":24,"column":14}},"24":{"start":{"line":25,"column":0},"end":{"line":25,"column":16}},"25":{"start":{"line":26,"column":0},"end":{"line":26,"column":10}},"27":{"start":{"line":28,"column":0},"end":{"line":28,"column":1}}},"s":{"7":28,"8":28,"9":28,"10":28,"11":28,"12":28,"13":28,"14":1,"15":1,"16":28,"17":28,"19":28,"20":28,"22":28,"23":28,"24":28,"25":28,"27":28},"branchMap":{"0":{"type":"branch","line":8,"loc":{"start":{"line":8,"column":0},"end":{"line":28,"column":1}},"locations":[{"start":{"line":8,"column":0},"end":{"line":28,"column":1}}]},"1":{"type":"branch","line":14,"loc":{"start":{"line":14,"column":18},"end":{"line":16,"column":10}},"locations":[{"start":{"line":14,"column":18},"end":{"line":16,"column":10}}]}},"b":{"0":[28],"1":[1]},"fnMap":{"0":{"name":"TermsCheckInput","decl":{"start":{"line":8,"column":0},"end":{"line":28,"column":1}},"loc":{"start":{"line":8,"column":0},"end":{"line":28,"column":1}},"line":8},"1":{"name":"onChange","decl":{"start":{"line":14,"column":18},"end":{"line":16,"column":10}},"loc":{"start":{"line":14,"column":18},"end":{"line":16,"column":10}},"line":14}},"f":{"0":28,"1":1}}
,"D:\\projects\\react-forms\\src\\components\\UncontrolledForm\\AgeInput.tsx": {"path":"D:\\projects\\react-forms\\src\\components\\UncontrolledForm\\AgeInput.tsx","all":false,"statementMap":{"2":{"start":{"line":3,"column":0},"end":{"line":3,"column":34}},"3":{"start":{"line":4,"column":0},"end":{"line":4,"column":11}},"4":{"start":{"line":5,"column":0},"end":{"line":5,"column":9}},"5":{"start":{"line":6,"column":0},"end":{"line":6,"column":28}},"6":{"start":{"line":7,"column":0},"end":{"line":7,"column":10}},"7":{"start":{"line":8,"column":0},"end":{"line":8,"column":31}},"8":{"start":{"line":9,"column":0},"end":{"line":9,"column":38}},"9":{"start":{"line":10,"column":0},"end":{"line":10,"column":67}},"10":{"start":{"line":11,"column":0},"end":{"line":11,"column":16}},"11":{"start":{"line":12,"column":0},"end":{"line":12,"column":10}},"13":{"start":{"line":14,"column":0},"end":{"line":14,"column":1}}},"s":{"2":32,"3":32,"4":32,"5":32,"6":32,"7":32,"8":32,"9":32,"10":32,"11":32,"13":32},"branchMap":{"0":{"type":"branch","line":3,"loc":{"start":{"line":3,"column":0},"end":{"line":14,"column":1}},"locations":[{"start":{"line":3,"column":0},"end":{"line":14,"column":1}}]}},"b":{"0":[32]},"fnMap":{"0":{"name":"AgeInput","decl":{"start":{"line":3,"column":0},"end":{"line":14,"column":1}},"loc":{"start":{"line":3,"column":0},"end":{"line":14,"column":1}},"line":3}},"f":{"0":32}}
,"D:\\projects\\react-forms\\src\\components\\UncontrolledForm\\CountryInput.tsx": {"path":"D:\\projects\\react-forms\\src\\components\\UncontrolledForm\\CountryInput.tsx","all":false,"statementMap":{"2":{"start":{"line":3,"column":0},"end":{"line":3,"column":38}},"3":{"start":{"line":4,"column":0},"end":{"line":4,"column":11}},"4":{"start":{"line":5,"column":0},"end":{"line":5,"column":9}},"5":{"start":{"line":6,"column":0},"end":{"line":6,"column":28}},"6":{"start":{"line":7,"column":0},"end":{"line":7,"column":10}},"7":{"start":{"line":8,"column":0},"end":{"line":8,"column":35}},"8":{"start":{"line":9,"column":0},"end":{"line":9,"column":46}},"9":{"start":{"line":10,"column":0},"end":{"line":10,"column":69}},"10":{"start":{"line":11,"column":0},"end":{"line":11,"column":16}},"11":{"start":{"line":12,"column":0},"end":{"line":12,"column":10}},"13":{"start":{"line":14,"column":0},"end":{"line":14,"column":1}}},"s":{"2":32,"3":32,"4":32,"5":32,"6":32,"7":32,"8":32,"9":32,"10":32,"11":32,"13":32},"branchMap":{"0":{"type":"branch","line":3,"loc":{"start":{"line":3,"column":0},"end":{"line":14,"column":1}},"locations":[{"start":{"line":3,"column":0},"end":{"line":14,"column":1}}]}},"b":{"0":[32]},"fnMap":{"0":{"name":"CountryInput","decl":{"start":{"line":3,"column":0},"end":{"line":14,"column":1}},"loc":{"start":{"line":3,"column":0},"end":{"line":14,"column":1}},"line":3}},"f":{"0":32}}
,"D:\\projects\\react-forms\\src\\components\\UncontrolledForm\\EmailInput.tsx": {"path":"D:\\projects\\react-forms\\src\\components\\UncontrolledForm\\EmailInput.tsx","all":false,"statementMap":{"2":{"start":{"line":3,"column":0},"end":{"line":3,"column":36}},"3":{"start":{"line":4,"column":0},"end":{"line":4,"column":11}},"4":{"start":{"line":5,"column":0},"end":{"line":5,"column":9}},"5":{"start":{"line":6,"column":0},"end":{"line":6,"column":28}},"6":{"start":{"line":7,"column":0},"end":{"line":7,"column":10}},"7":{"start":{"line":8,"column":0},"end":{"line":8,"column":33}},"8":{"start":{"line":9,"column":0},"end":{"line":9,"column":42}},"9":{"start":{"line":10,"column":0},"end":{"line":10,"column":67}},"10":{"start":{"line":11,"column":0},"end":{"line":11,"column":16}},"11":{"start":{"line":12,"column":0},"end":{"line":12,"column":10}},"13":{"start":{"line":14,"column":0},"end":{"line":14,"column":1}}},"s":{"2":32,"3":32,"4":32,"5":32,"6":32,"7":32,"8":32,"9":32,"10":32,"11":32,"13":32},"branchMap":{"0":{"type":"branch","line":3,"loc":{"start":{"line":3,"column":0},"end":{"line":14,"column":1}},"locations":[{"start":{"line":3,"column":0},"end":{"line":14,"column":1}}]}},"b":{"0":[32]},"fnMap":{"0":{"name":"EmailInput","decl":{"start":{"line":3,"column":0},"end":{"line":14,"column":1}},"loc":{"start":{"line":3,"column":0},"end":{"line":14,"column":1}},"line":3}},"f":{"0":32}}
,"D:\\projects\\react-forms\\src\\components\\UncontrolledForm\\Form.tsx": {"path":"D:\\projects\\react-forms\\src\\components\\UncontrolledForm\\Form.tsx","all":false,"statementMap":{"0":{"start":{"line":1,"column":0},"end":{"line":1,"column":31}},"1":{"start":{"line":2,"column":0},"end":{"line":2,"column":42}},"2":{"start":{"line":3,"column":0},"end":{"line":3,"column":36}},"3":{"start":{"line":4,"column":0},"end":{"line":4,"column":34}},"4":{"start":{"line":5,"column":0},"end":{"line":5,"column":38}},"5":{"start":{"line":6,"column":0},"end":{"line":6,"column":38}},"6":{"start":{"line":7,"column":0},"end":{"line":7,"column":40}},"7":{"start":{"line":8,"column":0},"end":{"line":8,"column":42}},"8":{"start":{"line":9,"column":0},"end":{"line":9,"column":54}},"9":{"start":{"line":10,"column":0},"end":{"line":10,"column":63}},"11":{"start":{"line":12,"column":0},"end":{"line":12,"column":48}},"12":{"start":{"line":13,"column":0},"end":{"line":13,"column":44}},"13":{"start":{"line":14,"column":0},"end":{"line":14,"column":55}},"15":{"start":{"line":16,"column":0},"end":{"line":16,"column":44}},"17":{"start":{"line":18,"column":0},"end":{"line":18,"column":54}},"22":{"start":{"line":23,"column":0},"end":{"line":23,"column":62}},"23":{"start":{"line":24,"column":0},"end":{"line":24,"column":71}},"24":{"start":{"line":25,"column":0},"end":{"line":25,"column":33}},"25":{"start":{"line":26,"column":0},"end":{"line":26,"column":9}},"26":{"start":{"line":27,"column":0},"end":{"line":27,"column":13}},"27":{"start":{"line":28,"column":0},"end":{"line":28,"column":10}},"28":{"start":{"line":29,"column":0},"end":{"line":29,"column":13}},"29":{"start":{"line":30,"column":0},"end":{"line":30,"column":17}},"30":{"start":{"line":31,"column":0},"end":{"line":31,"column":26}},"31":{"start":{"line":32,"column":0},"end":{"line":32,"column":27}},"32":{"start":{"line":33,"column":0},"end":{"line":33,"column":34}},"33":{"start":{"line":34,"column":0},"end":{"line":34,"column":5}},"35":{"start":{"line":36,"column":0},"end":{"line":36,"column":46}},"36":{"start":{"line":37,"column":0},"end":{"line":37,"column":40}},"37":{"start":{"line":38,"column":0},"end":{"line":38,"column":48}},"38":{"start":{"line":39,"column":0},"end":{"line":39,"column":71}},"39":{"start":{"line":40,"column":0},"end":{"line":40,"column":4}},"40":{"start":{"line":41,"column":0},"end":{"line":41,"column":46}},"41":{"start":{"line":42,"column":0},"end":{"line":42,"column":21}},"42":{"start":{"line":43,"column":0},"end":{"line":43,"column":59}},"43":{"start":{"line":44,"column":0},"end":{"line":44,"column":4}},"45":{"start":{"line":46,"column":0},"end":{"line":46,"column":41}},"46":{"start":{"line":47,"column":0},"end":{"line":47,"column":31}},"48":{"start":{"line":49,"column":0},"end":{"line":49,"column":36}},"49":{"start":{"line":50,"column":0},"end":{"line":50,"column":30}},"50":{"start":{"line":51,"column":0},"end":{"line":51,"column":46}},"51":{"start":{"line":52,"column":0},"end":{"line":52,"column":51}},"52":{"start":{"line":53,"column":0},"end":{"line":53,"column":66}},"53":{"start":{"line":54,"column":0},"end":{"line":54,"column":38}},"54":{"start":{"line":55,"column":0},"end":{"line":55,"column":7}},"55":{"start":{"line":56,"column":0},"end":{"line":56,"column":6}},"56":{"start":{"line":57,"column":0},"end":{"line":57,"column":31}},"58":{"start":{"line":59,"column":0},"end":{"line":59,"column":14}},"59":{"start":{"line":60,"column":0},"end":{"line":60,"column":4}},"61":{"start":{"line":62,"column":0},"end":{"line":62,"column":19}},"62":{"start":{"line":63,"column":0},"end":{"line":63,"column":8}},"63":{"start":{"line":64,"column":0},"end":{"line":64,"column":21}},"64":{"start":{"line":65,"column":0},"end":{"line":65,"column":28}},"65":{"start":{"line":66,"column":0},"end":{"line":66,"column":38}},"66":{"start":{"line":67,"column":0},"end":{"line":67,"column":7}},"67":{"start":{"line":68,"column":0},"end":{"line":68,"column":22}},"68":{"start":{"line":69,"column":0},"end":{"line":69,"column":12}},"69":{"start":{"line":70,"column":0},"end":{"line":70,"column":23}},"70":{"start":{"line":71,"column":0},"end":{"line":71,"column":5}},"71":{"start":{"line":72,"column":0},"end":{"line":72,"column":31}},"73":{"start":{"line":74,"column":0},"end":{"line":74,"column":10}},"74":{"start":{"line":75,"column":0},"end":{"line":75,"column":60}},"75":{"start":{"line":76,"column":0},"end":{"line":76,"column":39}},"76":{"start":{"line":77,"column":0},"end":{"line":77,"column":24}},"77":{"start":{"line":78,"column":0},"end":{"line":78,"column":70}},"79":{"start":{"line":80,"column":0},"end":{"line":80,"column":49}},"81":{"start":{"line":82,"column":0},"end":{"line":82,"column":18}},"82":{"start":{"line":83,"column":0},"end":{"line":83,"column":37}},"83":{"start":{"line":84,"column":0},"end":{"line":84,"column":23}},"84":{"start":{"line":85,"column":0},"end":{"line":85,"column":69}},"86":{"start":{"line":87,"column":0},"end":{"line":87,"column":49}},"88":{"start":{"line":89,"column":0},"end":{"line":89,"column":17}},"89":{"start":{"line":90,"column":0},"end":{"line":90,"column":41}},"90":{"start":{"line":91,"column":0},"end":{"line":91,"column":25}},"91":{"start":{"line":92,"column":0},"end":{"line":92,"column":71}},"93":{"start":{"line":94,"column":0},"end":{"line":94,"column":49}},"95":{"start":{"line":96,"column":0},"end":{"line":96,"column":19}},"96":{"start":{"line":97,"column":0},"end":{"line":97,"column":45}},"97":{"start":{"line":98,"column":0},"end":{"line":98,"column":27}},"98":{"start":{"line":99,"column":0},"end":{"line":99,"column":73}},"100":{"start":{"line":101,"column":0},"end":{"line":101,"column":49}},"102":{"start":{"line":103,"column":0},"end":{"line":103,"column":43}},"103":{"start":{"line":104,"column":0},"end":{"line":104,"column":40}},"104":{"start":{"line":105,"column":0},"end":{"line":105,"column":40}},"105":{"start":{"line":106,"column":0},"end":{"line":106,"column":70}},"106":{"start":{"line":107,"column":0},"end":{"line":107,"column":25}},"107":{"start":{"line":108,"column":0},"end":{"line":108,"column":18}},"108":{"start":{"line":109,"column":0},"end":{"line":109,"column":15}},"109":{"start":{"line":110,"column":0},"end":{"line":110,"column":16}},"111":{"start":{"line":112,"column":0},"end":{"line":112,"column":21}},"112":{"start":{"line":113,"column":0},"end":{"line":113,"column":43}},"113":{"start":{"line":114,"column":0},"end":{"line":114,"column":26}},"114":{"start":{"line":115,"column":0},"end":{"line":115,"column":72}},"116":{"start":{"line":117,"column":0},"end":{"line":117,"column":49}},"118":{"start":{"line":119,"column":0},"end":{"line":119,"column":20}},"119":{"start":{"line":120,"column":0},"end":{"line":120,"column":41}},"120":{"start":{"line":121,"column":0},"end":{"line":121,"column":25}},"121":{"start":{"line":122,"column":0},"end":{"line":122,"column":71}},"123":{"start":{"line":124,"column":0},"end":{"line":124,"column":49}},"125":{"start":{"line":126,"column":0},"end":{"line":126,"column":19}},"126":{"start":{"line":127,"column":0},"end":{"line":127,"column":64}},"127":{"start":{"line":128,"column":0},"end":{"line":128,"column":28}},"128":{"start":{"line":129,"column":0},"end":{"line":129,"column":74}},"130":{"start":{"line":131,"column":0},"end":{"line":131,"column":49}},"132":{"start":{"line":133,"column":0},"end":{"line":133,"column":22}},"133":{"start":{"line":134,"column":0},"end":{"line":134,"column":79}},"134":{"start":{"line":135,"column":0},"end":{"line":135,"column":35}},"135":{"start":{"line":136,"column":0},"end":{"line":136,"column":42}},"136":{"start":{"line":137,"column":0},"end":{"line":137,"column":44}},"137":{"start":{"line":138,"column":0},"end":{"line":138,"column":17}},"139":{"start":{"line":140,"column":0},"end":{"line":140,"column":49}},"141":{"start":{"line":142,"column":0},"end":{"line":142,"column":22}},"142":{"start":{"line":143,"column":0},"end":{"line":143,"column":46}},"143":{"start":{"line":144,"column":0},"end":{"line":144,"column":25}},"144":{"start":{"line":145,"column":0},"end":{"line":145,"column":71}},"146":{"start":{"line":147,"column":0},"end":{"line":147,"column":49}},"148":{"start":{"line":149,"column":0},"end":{"line":149,"column":24}},"150":{"start":{"line":151,"column":0},"end":{"line":151,"column":54}},"152":{"start":{"line":153,"column":0},"end":{"line":153,"column":15}},"153":{"start":{"line":154,"column":0},"end":{"line":154,"column":11}},"155":{"start":{"line":156,"column":0},"end":{"line":156,"column":1}}},"s":{"0":1,"1":1,"2":1,"3":1,"4":1,"5":1,"6":1,"7":1,"8":1,"9":1,"11":1,"12":1,"13":1,"15":1,"17":1,"22":54,"23":54,"24":54,"25":54,"26":54,"27":54,"28":54,"29":54,"30":54,"31":54,"32":54,"33":54,"35":54,"36":54,"37":54,"38":3132,"39":54,"40":54,"41":0,"42":0,"43":0,"45":54,"46":1,"48":1,"49":1,"50":1,"51":1,"52":1,"53":1,"54":1,"55":1,"56":1,"58":1,"59":1,"61":54,"62":32,"63":32,"64":20,"65":6,"66":32,"67":6,"68":32,"69":26,"70":26,"71":54,"73":54,"74":54,"75":54,"76":54,"77":4,"79":50,"81":54,"82":54,"83":54,"84":6,"86":48,"88":54,"89":54,"90":54,"91":4,"93":50,"95":54,"96":54,"97":54,"98":4,"100":50,"102":54,"103":8,"104":8,"105":16,"106":16,"107":16,"108":8,"109":8,"111":54,"112":54,"113":54,"114":4,"116":50,"118":54,"119":54,"120":54,"121":6,"123":48,"125":54,"126":54,"127":54,"128":4,"130":50,"132":54,"133":54,"134":54,"135":6,"136":6,"137":6,"139":48,"141":54,"142":54,"143":54,"144":6,"146":48,"148":54,"150":54,"152":54,"153":54,"155":54},"branchMap":{"0":{"type":"branch","line":23,"loc":{"start":{"line":23,"column":0},"end":{"line":156,"column":1}},"locations":[{"start":{"line":23,"column":0},"end":{"line":156,"column":1}}]},"1":{"type":"branch","line":77,"loc":{"start":{"line":77,"column":16},"end":{"line":78,"column":70}},"locations":[{"start":{"line":77,"column":16},"end":{"line":78,"column":70}}]},"2":{"type":"branch","line":78,"loc":{"start":{"line":78,"column":63},"end":{"line":80,"column":49}},"locations":[{"start":{"line":78,"column":63},"end":{"line":80,"column":49}}]},"3":{"type":"branch","line":84,"loc":{"start":{"line":84,"column":16},"end":{"line":85,"column":69}},"locations":[{"start":{"line":84,"column":16},"end":{"line":85,"column":69}}]},"4":{"type":"branch","line":85,"loc":{"start":{"line":85,"column":62},"end":{"line":87,"column":49}},"locations":[{"start":{"line":85,"column":62},"end":{"line":87,"column":49}}]},"5":{"type":"branch","line":91,"loc":{"start":{"line":91,"column":16},"end":{"line":92,"column":71}},"locations":[{"start":{"line":91,"column":16},"end":{"line":92,"column":71}}]},"6":{"type":"branch","line":92,"loc":{"start":{"line":92,"column":64},"end":{"line":94,"column":49}},"locations":[{"start":{"line":92,"column":64},"end":{"line":94,"column":49}}]},"7":{"type":"branch","line":98,"loc":{"start":{"line":98,"column":16},"end":{"line":99,"column":73}},"locations":[{"start":{"line":98,"column":16},"end":{"line":99,"column":73}}]},"8":{"type":"branch","line":99,"loc":{"start":{"line":99,"column":66},"end":{"line":101,"column":49}},"locations":[{"start":{"line":99,"column":66},"end":{"line":101,"column":49}}]},"9":{"type":"branch","line":103,"loc":{"start":{"line":103,"column":9},"end":{"line":103,"column":43}},"locations":[{"start":{"line":103,"column":9},"end":{"line":103,"column":43}}]},"10":{"type":"branch","line":103,"loc":{"start":{"line":103,"column":37},"end":{"line":110,"column":16}},"locations":[{"start":{"line":103,"column":37},"end":{"line":110,"column":16}}]},"11":{"type":"branch","line":114,"loc":{"start":{"line":114,"column":16},"end":{"line":115,"column":72}},"locations":[{"start":{"line":114,"column":16},"end":{"line":115,"column":72}}]},"12":{"type":"branch","line":115,"loc":{"start":{"line":115,"column":65},"end":{"line":117,"column":49}},"locations":[{"start":{"line":115,"column":65},"end":{"line":117,"column":49}}]},"13":{"type":"branch","line":121,"loc":{"start":{"line":121,"column":16},"end":{"line":122,"column":71}},"locations":[{"start":{"line":121,"column":16},"end":{"line":122,"column":71}}]},"14":{"type":"branch","line":122,"loc":{"start":{"line":122,"column":64},"end":{"line":124,"column":49}},"locations":[{"start":{"line":122,"column":64},"end":{"line":124,"column":49}}]},"15":{"type":"branch","line":128,"loc":{"start":{"line":128,"column":16},"end":{"line":129,"column":74}},"locations":[{"start":{"line":128,"column":16},"end":{"line":129,"column":74}}]},"16":{"type":"branch","line":129,"loc":{"start":{"line":129,"column":67},"end":{"line":131,"column":49}},"locations":[{"start":{"line":129,"column":67},"end":{"line":131,"column":49}}]},"17":{"type":"branch","line":135,"loc":{"start":{"line":135,"column":16},"end":{"line":138,"column":17}},"locations":[{"start":{"line":135,"column":16},"end":{"line":138,"column":17}}]},"18":{"type":"branch","line":138,"loc":{"start":{"line":138,"column":10},"end":{"line":140,"column":49}},"locations":[{"start":{"line":138,"column":10},"end":{"line":140,"column":49}}]},"19":{"type":"branch","line":144,"loc":{"start":{"line":144,"column":16},"end":{"line":145,"column":71}},"locations":[{"start":{"line":144,"column":16},"end":{"line":145,"column":71}}]},"20":{"type":"branch","line":145,"loc":{"start":{"line":145,"column":64},"end":{"line":147,"column":49}},"locations":[{"start":{"line":145,"column":64},"end":{"line":147,"column":49}}]},"21":{"type":"branch","line":24,"loc":{"start":{"line":24,"column":32},"end":{"line":24,"column":69}},"locations":[{"start":{"line":24,"column":32},"end":{"line":24,"column":69}}]},"22":{"type":"branch","line":38,"loc":{"start":{"line":38,"column":36},"end":{"line":39,"column":71}},"locations":[{"start":{"line":38,"column":36},"end":{"line":39,"column":71}}]},"23":{"type":"branch","line":39,"loc":{"start":{"line":39,"column":37},"end":{"line":39,"column":63}},"locations":[{"start":{"line":39,"column":37},"end":{"line":39,"column":63}}]},"24":{"type":"branch","line":39,"loc":{"start":{"line":39,"column":63},"end":{"line":39,"column":70}},"locations":[{"start":{"line":39,"column":63},"end":{"line":39,"column":70}}]},"25":{"type":"branch","line":46,"loc":{"start":{"line":46,"column":18},"end":{"line":60,"column":4}},"locations":[{"start":{"line":46,"column":18},"end":{"line":60,"column":4}}]},"26":{"type":"branch","line":50,"loc":{"start":{"line":50,"column":23},"end":{"line":56,"column":6}},"locations":[{"start":{"line":50,"column":23},"end":{"line":56,"column":6}}]},"27":{"type":"branch","line":62,"loc":{"start":{"line":62,"column":12},"end":{"line":72,"column":5}},"locations":[{"start":{"line":62,"column":12},"end":{"line":72,"column":5}}]},"28":{"type":"branch","line":64,"loc":{"start":{"line":64,"column":6},"end":{"line":65,"column":28}},"locations":[{"start":{"line":64,"column":6},"end":{"line":65,"column":28}}]},"29":{"type":"branch","line":65,"loc":{"start":{"line":65,"column":24},"end":{"line":66,"column":38}},"locations":[{"start":{"line":65,"column":24},"end":{"line":66,"column":38}}]},"30":{"type":"branch","line":67,"loc":{"start":{"line":67,"column":6},"end":{"line":69,"column":11}},"locations":[{"start":{"line":67,"column":6},"end":{"line":69,"column":11}}]},"31":{"type":"branch","line":69,"loc":{"start":{"line":69,"column":4},"end":{"line":71,"column":5}},"locations":[{"start":{"line":69,"column":4},"end":{"line":71,"column":5}}]},"32":{"type":"branch","line":105,"loc":{"start":{"line":105,"column":26},"end":{"line":108,"column":18}},"locations":[{"start":{"line":105,"column":26},"end":{"line":108,"column":18}}]}},"b":{"0":[54],"1":[4],"2":[50],"3":[6],"4":[48],"5":[4],"6":[50],"7":[4],"8":[50],"9":[10],"10":[8],"11":[4],"12":[50],"13":[6],"14":[48],"15":[4],"16":[50],"17":[6],"18":[48],"19":[6],"20":[48],"21":[61],"22":[3132],"23":[2842],"24":[290],"25":[1],"26":[1],"27":[32],"28":[20],"29":[6],"30":[6],"31":[26],"32":[16]},"fnMap":{"0":{"name":"UncontrolledForm","decl":{"start":{"line":23,"column":0},"end":{"line":156,"column":1}},"loc":{"start":{"line":23,"column":0},"end":{"line":156,"column":1}},"line":23},"1":{"name":"selectCountry","decl":{"start":{"line":41,"column":24},"end":{"line":44,"column":4}},"loc":{"start":{"line":41,"column":24},"end":{"line":44,"column":4}},"line":41},"2":{"name":"getData","decl":{"start":{"line":46,"column":18},"end":{"line":60,"column":4}},"loc":{"start":{"line":46,"column":18},"end":{"line":60,"column":4}},"line":46},"3":{"name":"reader.onloadend","decl":{"start":{"line":50,"column":23},"end":{"line":56,"column":6}},"loc":{"start":{"line":50,"column":23},"end":{"line":56,"column":6}},"line":50},"4":{"name":"onClick","decl":{"start":{"line":106,"column":40},"end":{"line":106,"column":70}},"loc":{"start":{"line":106,"column":40},"end":{"line":106,"column":70}},"line":106}},"f":{"0":54,"1":0,"2":1,"3":1,"4":0}}
,"D:\\projects\\react-forms\\src\\components\\UncontrolledForm\\GenderInput.tsx": {"path":"D:\\projects\\react-forms\\src\\components\\UncontrolledForm\\GenderInput.tsx","all":false,"statementMap":{"2":{"start":{"line":3,"column":0},"end":{"line":3,"column":37}},"3":{"start":{"line":4,"column":0},"end":{"line":4,"column":11}},"4":{"start":{"line":5,"column":0},"end":{"line":5,"column":9}},"5":{"start":{"line":6,"column":0},"end":{"line":6,"column":28}},"6":{"start":{"line":7,"column":0},"end":{"line":7,"column":10}},"7":{"start":{"line":8,"column":0},"end":{"line":8,"column":34}},"8":{"start":{"line":9,"column":0},"end":{"line":9,"column":25}},"9":{"start":{"line":10,"column":0},"end":{"line":10,"column":42}},"10":{"start":{"line":11,"column":0},"end":{"line":11,"column":13}},"11":{"start":{"line":12,"column":0},"end":{"line":12,"column":32}},"12":{"start":{"line":13,"column":0},"end":{"line":13,"column":18}},"13":{"start":{"line":14,"column":0},"end":{"line":14,"column":26}},"14":{"start":{"line":15,"column":0},"end":{"line":15,"column":23}},"15":{"start":{"line":16,"column":0},"end":{"line":16,"column":26}},"16":{"start":{"line":17,"column":0},"end":{"line":17,"column":27}},"17":{"start":{"line":18,"column":0},"end":{"line":18,"column":23}},"18":{"start":{"line":19,"column":0},"end":{"line":19,"column":21}},"20":{"start":{"line":21,"column":0},"end":{"line":21,"column":18}},"21":{"start":{"line":22,"column":0},"end":{"line":22,"column":14}},"22":{"start":{"line":23,"column":0},"end":{"line":23,"column":13}},"23":{"start":{"line":24,"column":0},"end":{"line":24,"column":34}},"24":{"start":{"line":25,"column":0},"end":{"line":25,"column":18}},"25":{"start":{"line":26,"column":0},"end":{"line":26,"column":26}},"26":{"start":{"line":27,"column":0},"end":{"line":27,"column":25}},"27":{"start":{"line":28,"column":0},"end":{"line":28,"column":28}},"28":{"start":{"line":29,"column":0},"end":{"line":29,"column":27}},"29":{"start":{"line":30,"column":0},"end":{"line":30,"column":23}},"30":{"start":{"line":31,"column":0},"end":{"line":31,"column":21}},"32":{"start":{"line":33,"column":0},"end":{"line":33,"column":18}},"33":{"start":{"line":34,"column":0},"end":{"line":34,"column":14}},"34":{"start":{"line":35,"column":0},"end":{"line":35,"column":13}},"35":{"start":{"line":36,"column":0},"end":{"line":36,"column":33}},"36":{"start":{"line":37,"column":0},"end":{"line":37,"column":18}},"37":{"start":{"line":38,"column":0},"end":{"line":38,"column":26}},"38":{"start":{"line":39,"column":0},"end":{"line":39,"column":24}},"39":{"start":{"line":40,"column":0},"end":{"line":40,"column":27}},"40":{"start":{"line":41,"column":0},"end":{"line":41,"column":27}},"41":{"start":{"line":42,"column":0},"end":{"line":42,"column":23}},"42":{"start":{"line":43,"column":0},"end":{"line":43,"column":21}},"44":{"start":{"line":45,"column":0},"end":{"line":45,"column":18}},"45":{"start":{"line":46,"column":0},"end":{"line":46,"column":14}},"46":{"start":{"line":47,"column":0},"end":{"line":47,"column":12}},"47":{"start":{"line":48,"column":0},"end":{"line":48,"column":16}},"48":{"start":{"line":49,"column":0},"end":{"line":49,"column":10}},"50":{"start":{"line":51,"column":0},"end":{"line":51,"column":1}}},"s":{"2":32,"3":32,"4":32,"5":32,"6":32,"7":32,"8":32,"9":32,"10":32,"11":32,"12":32,"13":32,"14":32,"15":32,"16":32,"17":32,"18":32,"20":32,"21":32,"22":32,"23":32,"24":32,"25":32,"26":32,"27":32,"28":32,"29":32,"30":32,"32":32,"33":32,"34":32,"35":32,"36":32,"37":32,"38":32,"39":32,"40":32,"41":32,"42":32,"44":32,"45":32,"46":32,"47":32,"48":32,"50":32},"branchMap":{"0":{"type":"branch","line":3,"loc":{"start":{"line":3,"column":0},"end":{"line":51,"column":1}},"locations":[{"start":{"line":3,"column":0},"end":{"line":51,"column":1}}]}},"b":{"0":[32]},"fnMap":{"0":{"name":"GenderInput","decl":{"start":{"line":3,"column":0},"end":{"line":51,"column":1}},"loc":{"start":{"line":3,"column":0},"end":{"line":51,"column":1}},"line":3}},"f":{"0":32}}
,"D:\\projects\\react-forms\\src\\components\\UncontrolledForm\\NameInput.tsx": {"path":"D:\\projects\\react-forms\\src\\components\\UncontrolledForm\\NameInput.tsx","all":false,"statementMap":{"2":{"start":{"line":3,"column":0},"end":{"line":3,"column":35}},"3":{"start":{"line":4,"column":0},"end":{"line":4,"column":11}},"4":{"start":{"line":5,"column":0},"end":{"line":5,"column":9}},"5":{"start":{"line":6,"column":0},"end":{"line":6,"column":28}},"6":{"start":{"line":7,"column":0},"end":{"line":7,"column":10}},"7":{"start":{"line":8,"column":0},"end":{"line":8,"column":32}},"8":{"start":{"line":9,"column":0},"end":{"line":9,"column":40}},"9":{"start":{"line":10,"column":0},"end":{"line":10,"column":76}},"10":{"start":{"line":11,"column":0},"end":{"line":11,"column":16}},"11":{"start":{"line":12,"column":0},"end":{"line":12,"column":10}},"13":{"start":{"line":14,"column":0},"end":{"line":14,"column":1}}},"s":{"2":32,"3":32,"4":32,"5":32,"6":32,"7":32,"8":32,"9":32,"10":32,"11":32,"13":32},"branchMap":{"0":{"type":"branch","line":3,"loc":{"start":{"line":3,"column":0},"end":{"line":14,"column":1}},"locations":[{"start":{"line":3,"column":0},"end":{"line":14,"column":1}}]}},"b":{"0":[32]},"fnMap":{"0":{"name":"NameInput","decl":{"start":{"line":3,"column":0},"end":{"line":14,"column":1}},"loc":{"start":{"line":3,"column":0},"end":{"line":14,"column":1}},"line":3}},"f":{"0":32}}
[...]
,"D:\\projects\\react-forms\\src\\pages\\MainPage.tsx": {"path":"D:\\projects\\react-forms\\src\\pages\\MainPage.tsx","all":false,"statementMap":{"0":{"start":{"line":1,"column":0},"end":{"line":1,"column":33}},"1":{"start":{"line":2,"column":0},"end":{"line":2,"column":33}},"2":{"start":{"line":3,"column":0},"end":{"line":3,"column":46}},"3":{"start":{"line":4,"column":0},"end":{"line":4,"column":51}},"4":{"start":{"line":5,"column":0},"end":{"line":5,"column":67}},"5":{"start":{"line":6,"column":0},"end":{"line":6,"column":42}},"7":{"start":{"line":8,"column":0},"end":{"line":8,"column":38}},"11":{"start":{"line":12,"column":0},"end":{"line":12,"column":21}},"12":{"start":{"line":13,"column":0},"end":{"line":13,"column":46}},"13":{"start":{"line":14,"column":0},"end":{"line":14,"column":62}},"14":{"start":{"line":15,"column":0},"end":{"line":15,"column":74}},"16":{"start":{"line":17,"column":0},"end":{"line":17,"column":48}},"17":{"start":{"line":18,"column":0},"end":{"line":18,"column":20}},"18":{"start":{"line":19,"column":0},"end":{"line":19,"column":28}},"19":{"start":{"line":20,"column":0},"end":{"line":20,"column":4}},"21":{"start":{"line":22,"column":0},"end":{"line":22,"column":29}},"22":{"start":{"line":23,"column":0},"end":{"line":23,"column":21}},"23":{"start":{"line":24,"column":0},"end":{"line":24,"column":23}},"24":{"start":{"line":25,"column":0},"end":{"line":25,"column":4}},"26":{"start":{"line":27,"column":0},"end":{"line":27,"column":10}},"27":{"start":{"line":28,"column":0},"end":{"line":28,"column":31}},"28":{"start":{"line":29,"column":0},"end":{"line":29,"column":37}},"29":{"start":{"line":30,"column":0},"end":{"line":30,"column":68}},"30":{"start":{"line":31,"column":0},"end":{"line":31,"column":59}},"32":{"start":{"line":33,"column":0},"end":{"line":33,"column":17}},"33":{"start":{"line":34,"column":0},"end":{"line":34,"column":12}},"34":{"start":{"line":35,"column":0},"end":{"line":35,"column":37}},"35":{"start":{"line":36,"column":0},"end":{"line":36,"column":31}},"36":{"start":{"line":37,"column":0},"end":{"line":37,"column":44}},"37":{"start":{"line":38,"column":0},"end":{"line":38,"column":55}},"38":{"start":{"line":39,"column":0},"end":{"line":39,"column":13}},"39":{"start":{"line":40,"column":0},"end":{"line":40,"column":12}},"41":{"start":{"line":42,"column":0},"end":{"line":42,"column":47}},"42":{"start":{"line":43,"column":0},"end":{"line":43,"column":45}},"43":{"start":{"line":44,"column":0},"end":{"line":44,"column":63}},"45":{"start":{"line":46,"column":0},"end":{"line":46,"column":17}},"46":{"start":{"line":47,"column":0},"end":{"line":47,"column":77}},"47":{"start":{"line":48,"column":0},"end":{"line":48,"column":42}},"48":{"start":{"line":49,"column":0},"end":{"line":49,"column":69}},"50":{"start":{"line":51,"column":0},"end":{"line":51,"column":14}},"51":{"start":{"line":52,"column":0},"end":{"line":52,"column":10}},"53":{"start":{"line":54,"column":0},"end":{"line":54,"column":1}},"55":{"start":{"line":56,"column":0},"end":{"line":56,"column":24}}},"s":{"0":1,"1":1,"2":1,"3":1,"4":1,"5":1,"7":1,"11":1,"12":1,"13":1,"14":1,"16":1,"17":0,"18":0,"19":0,"21":1,"22":0,"23":0,"24":0,"26":1,"27":1,"28":1,"29":1,"30":1,"32":1,"33":1,"34":1,"35":1,"36":0,"37":0,"38":0,"39":1,"41":1,"42":1,"43":1,"45":1,"46":1,"47":1,"48":0,"50":1,"51":1,"53":1,"55":1},"branchMap":{"0":{"type":"branch","line":12,"loc":{"start":{"line":12,"column":0},"end":{"line":54,"column":1}},"locations":[{"start":{"line":12,"column":0},"end":{"line":54,"column":1}}]},"1":{"type":"branch","line":36,"loc":{"start":{"line":36,"column":27},"end":{"line":39,"column":13}},"locations":[{"start":{"line":36,"column":27},"end":{"line":39,"column":13}}]},"2":{"type":"branch","line":47,"loc":{"start":{"line":47,"column":23},"end":{"line":47,"column":77}},"locations":[{"start":{"line":47,"column":23},"end":{"line":47,"column":77}}]},"3":{"type":"branch","line":48,"loc":{"start":{"line":48,"column":23},"end":{"line":49,"column":69}},"locations":[{"start":{"line":48,"column":23},"end":{"line":49,"column":69}}]},"4":{"type":"branch","line":15,"loc":{"start":{"line":15,"column":31},"end":{"line":15,"column":72}},"locations":[{"start":{"line":15,"column":31},"end":{"line":15,"column":72}}]}},"b":{"0":[1],"1":[0],"2":[0],"3":[0],"4":[2]},"fnMap":{"0":{"name":"MainPage","decl":{"start":{"line":12,"column":0},"end":{"line":54,"column":1}},"loc":{"start":{"line":12,"column":0},"end":{"line":54,"column":1}},"line":12},"1":{"name":"handleOpen","decl":{"start":{"line":17,"column":21},"end":{"line":20,"column":4}},"loc":{"start":{"line":17,"column":21},"end":{"line":20,"column":4}},"line":17},"2":{"name":"handleClose","decl":{"start":{"line":22,"column":22},"end":{"line":25,"column":4}},"loc":{"start":{"line":22,"column":22},"end":{"line":25,"column":4}},"line":22},"3":{"name":"onClick","decl":{"start":{"line":30,"column":25},"end":{"line":30,"column":51}},"loc":{"start":{"line":30,"column":25},"end":{"line":30,"column":51}},"line":30},"4":{"name":"onClick","decl":{"start":{"line":31,"column":25},"end":{"line":31,"column":59}},"loc":{"start":{"line":31,"column":25},"end":{"line":31,"column":59}},"line":31}},"f":{"0":1,"1":0,"2":0,"3":0,"4":0}}
,"D:\\projects\\react-forms\\src\\store\\countriesSlice.ts": {"path":"D:\\projects\\react-forms\\src\\store\\countriesSlice.ts","all":false,"statementMap":{"0":{"start":{"line":1,"column":0},"end":{"line":1,"column":47}},"2":{"start":{"line":3,"column":0},"end":{"line":3,"column":32}},"3":{"start":{"line":4,"column":0},"end":{"line":4,"column":16}},"4":{"start":{"line":5,"column":0},"end":{"line":5,"column":12}},"5":{"start":{"line":6,"column":0},"end":{"line":6,"column":12}},"6":{"start":{"line":7,"column":0},"end":{"line":7,"column":12}},"7":{"start":{"line":8,"column":0},"end":{"line":8,"column":11}},"8":{"start":{"line":9,"column":0},"end":{"line":9,"column":14}},"9":{"start":{"line":10,"column":0},"end":{"line":10,"column":12}},"10":{"start":{"line":11,"column":0},"end":{"line":11,"column":14}},"11":{"start":{"line":12,"column":0},"end":{"line":12,"column":12}},"12":{"start":{"line":13,"column":0},"end":{"line":13,"column":15}},"13":{"start":{"line":14,"column":0},"end":{"line":14,"column":12}},"14":{"start":{"line":15,"column":0},"end":{"line":15,"column":12}},"15":{"start":{"line":16,"column":0},"end":{"line":16,"column":11}},"16":{"start":{"line":17,"column":0},"end":{"line":17,"column":13}},"17":{"start":{"line":18,"column":0},"end":{"line":18,"column":11}},"18":{"start":{"line":19,"column":0},"end":{"line":19,"column":10}},"19":{"start":{"line":20,"column":0},"end":{"line":20,"column":12}},"20":{"start":{"line":21,"column":0},"end":{"line":21,"column":19}},"21":{"start":{"line":22,"column":0},"end":{"line":22,"column":12}},"22":{"start":{"line":23,"column":0},"end":{"line":23,"column":10}},"23":{"start":{"line":24,"column":0},"end":{"line":24,"column":12}},"24":{"start":{"line":25,"column":0},"end":{"line":25,"column":12}},"25":{"start":{"line":26,"column":0},"end":{"line":26,"column":11}},"26":{"start":{"line":27,"column":0},"end":{"line":27,"column":12}},"27":{"start":{"line":28,"column":0},"end":{"line":28,"column":12}},"28":{"start":{"line":29,"column":0},"end":{"line":29,"column":11}},"29":{"start":{"line":30,"column":0},"end":{"line":30,"column":12}},"30":{"start":{"line":31,"column":0},"end":{"line":31,"column":12}},"31":{"start":{"line":32,"column":0},"end":{"line":32,"column":10}},"32":{"start":{"line":33,"column":0},"end":{"line":33,"column":14}},"33":{"start":{"line":34,"column":0},"end":{"line":34,"column":12}},"34":{"start":{"line":35,"column":0},"end":{"line":35,"column":11}},"35":{"start":{"line":36,"column":0},"end":{"line":36,"column":10}},"36":{"start":{"line":37,"column":0},"end":{"line":37,"column":10}},"37":{"start":{"line":38,"column":0},"end":{"line":38,"column":15}},"38":{"start":{"line":39,"column":0},"end":{"line":39,"column":11}},"39":{"start":{"line":40,"column":0},"end":{"line":40,"column":14}},"40":{"start":{"line":41,"column":0},"end":{"line":41,"column":15}},"41":{"start":{"line":42,"column":0},"end":{"line":42,"column":11}},"42":{"start":{"line":43,"column":0},"end":{"line":43,"column":12}},"43":{"start":{"line":44,"column":0},"end":{"line":44,"column":16}},"44":{"start":{"line":45,"column":0},"end":{"line":45,"column":11}},"45":{"start":{"line":46,"column":0},"end":{"line":46,"column":11}},"46":{"start":{"line":47,"column":0},"end":{"line":47,"column":13}},"47":{"start":{"line":48,"column":0},"end":{"line":48,"column":12}},"48":{"start":{"line":49,"column":0},"end":{"line":49,"column":11}},"49":{"start":{"line":50,"column":0},"end":{"line":50,"column":11}},"50":{"start":{"line":51,"column":0},"end":{"line":51,"column":13}},"51":{"start":{"line":52,"column":0},"end":{"line":52,"column":13}},"52":{"start":{"line":53,"column":0},"end":{"line":53,"column":16}},"53":{"start":{"line":54,"column":0},"end":{"line":54,"column":10}},"54":{"start":{"line":55,"column":0},"end":{"line":55,"column":11}},"55":{"start":{"line":56,"column":0},"end":{"line":56,"column":16}},"56":{"start":{"line":57,"column":0},"end":{"line":57,"column":11}},"57":{"start":{"line":58,"column":0},"end":{"line":58,"column":12}},"58":{"start":{"line":59,"column":0},"end":{"line":59,"column":19}},"59":{"start":{"line":60,"column":0},"end":{"line":60,"column":18}},"60":{"start":{"line":61,"column":0},"end":{"line":61,"column":15}},"61":{"start":{"line":62,"column":0},"end":{"line":62,"column":2}},"63":{"start":{"line":64,"column":0},"end":{"line":64,"column":36}},"64":{"start":{"line":65,"column":0},"end":{"line":65,"column":20}},"65":{"start":{"line":66,"column":0},"end":{"line":66,"column":15}},"66":{"start":{"line":67,"column":0},"end":{"line":67,"column":15}},"67":{"start":{"line":68,"column":0},"end":{"line":68,"column":3}},"69":{"start":{"line":70,"column":0},"end":{"line":70,"column":55}}},"s":{"0":1,"2":1,"3":1,"4":1,"5":1,"6":1,"7":1,"8":1,"9":1,"10":1,"11":1,"12":1,"13":1,"14":1,"15":1,"16":1,"17":1,"18":1,"19":1,"20":1,"21":1,"22":1,"23":1,"24":1,"25":1,"26":1,"27":1,"28":1,"29":1,"30":1,"31":1,"32":1,"33":1,"34":1,"35":1,"36":1,"37":1,"38":1,"39":1,"40":1,"41":1,"42":1,"43":1,"44":1,"45":1,"46":1,"47":1,"48":1,"49":1,"50":1,"51":1,"52":1,"53":1,"54":1,"55":1,"56":1,"57":1,"58":1,"59":1,"60":1,"61":1,"63":1,"64":1,"65":1,"66":1,"67":1,"69":1},"branchMap":{},"b":{},"fnMap":{},"f":{}}
,"D:\\projects\\react-forms\\src\\store\\photoSlice.ts": {"path":"D:\\projects\\react-forms\\src\\store\\photoSlice.ts","all":false,"statementMap":{"0":{"start":{"line":1,"column":0},"end":{"line":1,"column":67}},"6":{"start":{"line":7,"column":0},"end":{"line":7,"column":34}},"7":{"start":{"line":8,"column":0},"end":{"line":8,"column":13}},"8":{"start":{"line":9,"column":0},"end":{"line":9,"column":2}},"10":{"start":{"line":11,"column":0},"end":{"line":11,"column":32}},"11":{"start":{"line":12,"column":0},"end":{"line":12,"column":16}},"12":{"start":{"line":13,"column":0},"end":{"line":13,"column":15}},"13":{"start":{"line":14,"column":0},"end":{"line":14,"column":13}},"14":{"start":{"line":15,"column":0},"end":{"line":15,"column":52}},"15":{"start":{"line":16,"column":0},"end":{"line":16,"column":40}},"16":{"start":{"line":17,"column":0},"end":{"line":17,"column":6}},"17":{"start":{"line":18,"column":0},"end":{"line":18,"column":24}},"18":{"start":{"line":19,"column":0},"end":{"line":19,"column":24}},"19":{"start":{"line":20,"column":0},"end":{"line":20,"column":6}},"20":{"start":{"line":21,"column":0},"end":{"line":21,"column":4}},"21":{"start":{"line":22,"column":0},"end":{"line":22,"column":3}},"23":{"start":{"line":24,"column":0},"end":{"line":24,"column":60}},"24":{"start":{"line":25,"column":0},"end":{"line":25,"column":34}}},"s":{"0":1,"6":1,"7":1,"8":1,"10":1,"11":1,"12":1,"13":1,"14":1,"15":3,"16":3,"17":1,"18":1,"19":1,"20":1,"21":1,"23":1,"24":1},"branchMap":{"0":{"type":"branch","line":15,"loc":{"start":{"line":15,"column":4},"end":{"line":17,"column":6}},"locations":[{"start":{"line":15,"column":4},"end":{"line":17,"column":6}}]},"1":{"type":"branch","line":18,"loc":{"start":{"line":18,"column":4},"end":{"line":20,"column":6}},"locations":[{"start":{"line":18,"column":4},"end":{"line":20,"column":6}}]}},"b":{"0":[3],"1":[1]},"fnMap":{"0":{"name":"setPhoto","decl":{"start":{"line":15,"column":4},"end":{"line":17,"column":6}},"loc":{"start":{"line":15,"column":4},"end":{"line":17,"column":6}},"line":15},"1":{"name":"clearPhotos","decl":{"start":{"line":18,"column":4},"end":{"line":20,"column":6}},"loc":{"start":{"line":18,"column":4},"end":{"line":20,"column":6}},"line":18}},"f":{"0":3,"1":1}}
,"D:\\projects\\react-forms\\src\\store\\profileSlice.ts": {"path":"D:\\projects\\react-forms\\src\\store\\profileSlice.ts","all":false,"statementMap":{"0":{"start":{"line":1,"column":0},"end":{"line":1,"column":47}},"7":{"start":{"line":8,"column":0},"end":{"line":8,"column":36}},"8":{"start":{"line":9,"column":0},"end":{"line":9,"column":11}},"9":{"start":{"line":10,"column":0},"end":{"line":10,"column":2}},"11":{"start":{"line":12,"column":0},"end":{"line":12,"column":34}},"12":{"start":{"line":13,"column":0},"end":{"line":13,"column":18}},"13":{"start":{"line":14,"column":0},"end":{"line":14,"column":15}},"14":{"start":{"line":15,"column":0},"end":{"line":15,"column":13}},"15":{"start":{"line":16,"column":0},"end":{"line":16,"column":31}},"16":{"start":{"line":17,"column":0},"end":{"line":17,"column":38}},"17":{"start":{"line":18,"column":0},"end":{"line":18,"column":6}},"18":{"start":{"line":19,"column":0},"end":{"line":19,"column":26}},"19":{"start":{"line":20,"column":0},"end":{"line":20,"column":22}},"20":{"start":{"line":21,"column":0},"end":{"line":21,"column":6}},"21":{"start":{"line":22,"column":0},"end":{"line":22,"column":4}},"22":{"start":{"line":23,"column":0},"end":{"line":23,"column":3}},"24":{"start":{"line":25,"column":0},"end":{"line":25,"column":66}},"25":{"start":{"line":26,"column":0},"end":{"line":26,"column":36}}},"s":{"0":1,"7":1,"8":1,"9":1,"11":1,"12":1,"13":1,"14":1,"15":1,"16":4,"17":4,"18":1,"19":1,"20":1,"21":1,"22":1,"24":1,"25":1},"branchMap":{"0":{"type":"branch","line":16,"loc":{"start":{"line":16,"column":4},"end":{"line":18,"column":6}},"locations":[{"start":{"line":16,"column":4},"end":{"line":18,"column":6}}]},"1":{"type":"branch","line":19,"loc":{"start":{"line":19,"column":4},"end":{"line":21,"column":6}},"locations":[{"start":{"line":19,"column":4},"end":{"line":21,"column":6}}]}},"b":{"0":[4],"1":[1]},"fnMap":{"0":{"name":"setProfile","decl":{"start":{"line":16,"column":4},"end":{"line":18,"column":6}},"loc":{"start":{"line":16,"column":4},"end":{"line":18,"column":6}},"line":16},"1":{"name":"clearProfiles","decl":{"start":{"line":19,"column":4},"end":{"line":21,"column":6}},"loc":{"start":{"line":19,"column":4},"end":{"line":21,"column":6}},"line":19}},"f":{"0":4,"1":1}}
,"D:\\projects\\react-forms\\src\\store\\store.ts": {"path":"D:\\projects\\react-forms\\src\\store\\store.ts","all":false,"statementMap":{"0":{"start":{"line":1,"column":0},"end":{"line":1,"column":50}},"1":{"start":{"line":2,"column":0},"end":{"line":2,"column":52}},"2":{"start":{"line":3,"column":0},"end":{"line":3,"column":40}},"3":{"start":{"line":4,"column":0},"end":{"line":4,"column":44}},"5":{"start":{"line":6,"column":0},"end":{"line":6,"column":37}},"6":{"start":{"line":7,"column":0},"end":{"line":7,"column":12}},"7":{"start":{"line":8,"column":0},"end":{"line":8,"column":32}},"8":{"start":{"line":9,"column":0},"end":{"line":9,"column":24}},"9":{"start":{"line":10,"column":0},"end":{"line":10,"column":29}},"10":{"start":{"line":11,"column":0},"end":{"line":11,"column":4}},"11":{"start":{"line":12,"column":0},"end":{"line":12,"column":3}}},"s":{"0":1,"1":1,"2":1,"3":1,"5":1,"6":1,"7":1,"8":1,"9":1,"10":1,"11":1},"branchMap":{},"b":{},"fnMap":{},"f":{}}
,"D:\\projects\\react-forms\\src\\types&interfaces\\FormValues.ts": {"path":"D:\\projects\\react-forms\\src\\types&interfaces\\FormValues.ts","all":true,"statementMap":{},"s":{},"branchMap":{"0":{"type":"branch","line":1,"loc":{"start":{"line":1,"column":219},"end":{"line":11,"column":2}},"locations":[{"start":{"line":1,"column":219},"end":{"line":11,"column":2}}]}},"b":{"0":[1]},"fnMap":{"0":{"name":"(empty-report)","decl":{"start":{"line":1,"column":219},"end":{"line":11,"column":2}},"loc":{"start":{"line":1,"column":219},"end":{"line":11,"column":2}},"line":1}},"f":{"0":1}}
,"D:\\projects\\react-forms\\src\\types&interfaces\\InputProps.ts": {"path":"D:\\projects\\react-forms\\src\\types&interfaces\\InputProps.ts","all":true,"statementMap":{},"s":{},"branchMap":{"0":{"type":"branch","line":1,"loc":{"start":{"line":1,"column":150},"end":{"line":7,"column":1}},"locations":[{"start":{"line":1,"column":150},"end":{"line":7,"column":1}}]}},"b":{"0":[1]},"fnMap":{"0":{"name":"(empty-report)","decl":{"start":{"line":1,"column":150},"end":{"line":7,"column":1}},"loc":{"start":{"line":1,"column":150},"end":{"line":7,"column":1}},"line":1}},"f":{"0":1}}
,"D:\\projects\\react-forms\\src\\types&interfaces\\Profile.ts": {"path":"D:\\projects\\react-forms\\src\\types&interfaces\\Profile.ts","all":true,"statementMap":{},"s":{},"branchMap":{"0":{"type":"branch","line":1,"loc":{"start":{"line":1,"column":216},"end":{"line":11,"column":1}},"locations":[{"start":{"line":1,"column":216},"end":{"line":11,"column":1}}]}},"b":{"0":[1]},"fnMap":{"0":{"name":"(empty-report)","decl":{"start":{"line":1,"column":216},"end":{"line":11,"column":1}},"loc":{"start":{"line":1,"column":216},"end":{"line":11,"column":1}},"line":1}},"f":{"0":1}}
,"D:\\projects\\react-forms\\src\\types&interfaces\\UncontrolledInputProps.ts": {"path":"D:\\projects\\react-forms\\src\\types&interfaces\\UncontrolledInputProps.ts","all":true,"statementMap":{},"s":{},"branchMap":{"0":{"type":"branch","line":1,"loc":{"start":{"line":1,"column":143},"end":{"line":5,"column":2}},"locations":[{"start":{"line":1,"column":143},"end":{"line":5,"column":2}}]}},"b":{"0":[1]},"fnMap":{"0":{"name":"(empty-report)","decl":{"start":{"line":1,"column":143},"end":{"line":5,"column":2}},"loc":{"start":{"line":1,"column":143},"end":{"line":5,"column":2}},"line":1}},"f":{"0":1}}
}
